#
# There is insufficient memory for the Java Runtime Environment to continue.
# Native memory allocation (malloc) failed to allocate 42736 bytes. Error detail: Chunk::new
# Possible reasons:
#   The system is out of physical RAM or swap space
#   This process is running with CompressedOops enabled, and the Java Heap may be blocking the growth of the native heap
# Possible solutions:
#   Reduce memory load on the system
#   Increase physical memory or swap space
#   Check if swap backing store is full
#   Decrease Java heap size (-Xmx/-Xms)
#   Decrease number of Java threads
#   Decrease Java thread stack sizes (-Xss)
#   Set larger code cache with -XX:ReservedCodeCacheSize=
#   JVM is running with Unscaled Compressed Oops mode in which the Java heap is
#     placed in the first 4GB address space. The Java Heap base address is the
#     maximum limit for the native heap growth. Please use -XX:HeapBaseMinAddress
#     to set the Java Heap base and to place the Java Heap above 4GB virtual address.
# This output file may be truncated or incomplete.
#
#  Out of Memory Error (arena.cpp:168), pid=15936, tid=14576
#
# JRE version: OpenJDK Runtime Environment Temurin-21.0.11+10 (21.0.11+10) (build 21.0.11+10-LTS)
# Java VM: OpenJDK 64-Bit Server VM Temurin-21.0.11+10 (21.0.11+10-LTS, mixed mode, sharing, tiered, compressed oops, compressed class ptrs, parallel gc, windows-amd64)
# No core dump will be written. Minidumps are not enabled by default on client versions of Windows
#

---------------  S U M M A R Y ------------

Command Line: --add-modules=ALL-SYSTEM --add-opens=java.base/java.util=ALL-UNNAMED --add-opens=java.base/java.lang=ALL-UNNAMED --add-opens=java.base/sun.nio.fs=ALL-UNNAMED -Declipse.application=org.eclipse.jdt.ls.core.id1 -Dosgi.bundles.defaultStartLevel=4 -Declipse.product=org.eclipse.jdt.ls.core.product -Djava.import.generatesMetadataFilesAtProjectRoot=false -DDetectVMInstallationsJob.disabled=true -Dfile.encoding=utf8 -XX:+UseParallelGC -XX:GCTimeRatio=4 -XX:AdaptiveSizePolicyWeight=90 -Dsun.zip.disableMemoryMapping=true -Xmx2G -Xms100m -Xlog:disable -javaagent:c:\Users\Adrian\.vscode\extensions\redhat.java-1.55.0-win32-x64\lombok\lombok-1.18.39-4050.jar -XX:+HeapDumpOnOutOfMemoryError -XX:HeapDumpPath=c:\Users\Adrian\AppData\Roaming\Code\User\workspaceStorage\5e102e530e34b59a4b6eba56ccb9686c\redhat.java -Daether.dependencyCollector.impl=bf c:\Users\Adrian\.vscode\extensions\redhat.java-1.55.0-win32-x64\server\plugins\org.eclipse.equinox.launcher_1.7.200.v20260619-2039.jar -configuration c:\Users\Adrian\AppData\Roaming\Code\User\globalStorage\redhat.java\1.55.0\config_win -data c:\Users\Adrian\AppData\Roaming\Code\User\workspaceStorage\5e102e530e34b59a4b6eba56ccb9686c\redhat.java\jdt_ws --pipe=\\.\pipe\lsp-4de07a6cacafa0630c214fc6a458d1a4-sock

Host: Intel(R) Core(TM) i5-2400 CPU @ 3.10GHz, 4 cores, 11G,  Windows 10 , 64 bit Build 19041 (10.0.19041.5915)
Time: Thu Jul 16 18:06:18 2026 Hora est. Pac璗ico, Sudam廨ica elapsed time: 3.754827 seconds (0d 0h 0m 3s)

---------------  T H R E A D  ---------------

Current thread (0x0000020bed6857a0):  JavaThread "C2 CompilerThread1" daemon [_thread_in_native, id=14576, stack(0x000000b776800000,0x000000b776900000) (1024K)]


Current CompileTask:
C2:3754 1306       4       java.io.BufferedInputStream::read1 (121 bytes)

Stack: [0x000000b776800000,0x000000b776900000]
Native frames: (J=compiled Java code, j=interpreted, Vv=VM code, C=native code)
V  [jvm.dll+0x6d7e19]
V  [jvm.dll+0x8b5096]
V  [jvm.dll+0x8b764e]
V  [jvm.dll+0x8b7d33]
V  [jvm.dll+0x284596]
V  [jvm.dll+0xc685d]
V  [jvm.dll+0xc6da1]
V  [jvm.dll+0x3bed31]
V  [jvm.dll+0x38b2b2]
V  [jvm.dll+0x38a6fa]
V  [jvm.dll+0x24c700]
V  [jvm.dll+0x24bce0]
V  [jvm.dll+0x1cb4ae]
V  [jvm.dll+0x25baad]
V  [jvm.dll+0x25a03a]
V  [jvm.dll+0x3f868e]
V  [jvm.dll+0x85fb0d]
V  [jvm.dll+0x6d664d]
C  [ucrtbase.dll+0x21bb2]
C  [KERNEL32.DLL+0x17374]
C  [ntdll.dll+0x4cc91]


---------------  P R O C E S S  ---------------

Threads class SMR info:
_java_thread_list=0x0000020bed577890, length=12, elements={
0x0000020bd16ffef0, 0x0000020be80e81f0, 0x0000020be80e97a0, 0x0000020be80ed080,
0x0000020be80edce0, 0x0000020be80ee940, 0x0000020be80f14b0, 0x0000020be80f22f0,
0x0000020be8167230, 0x0000020bed1b6110, 0x0000020bed27fae0, 0x0000020bed6857a0
}

Java Threads: ( => current thread )
  0x0000020bd16ffef0 JavaThread "main"                              [_thread_in_native, id=24980, stack(0x000000b775a00000,0x000000b775b00000) (1024K)]
  0x0000020be80e81f0 JavaThread "Reference Handler"          daemon [_thread_blocked, id=12060, stack(0x000000b775e00000,0x000000b775f00000) (1024K)]
  0x0000020be80e97a0 JavaThread "Finalizer"                  daemon [_thread_blocked, id=28072, stack(0x000000b775f00000,0x000000b776000000) (1024K)]
  0x0000020be80ed080 JavaThread "Signal Dispatcher"          daemon [_thread_blocked, id=29044, stack(0x000000b776000000,0x000000b776100000) (1024K)]
  0x0000020be80edce0 JavaThread "Attach Listener"            daemon [_thread_blocked, id=5080, stack(0x000000b776100000,0x000000b776200000) (1024K)]
  0x0000020be80ee940 JavaThread "Service Thread"             daemon [_thread_blocked, id=7080, stack(0x000000b776200000,0x000000b776300000) (1024K)]
  0x0000020be80f14b0 JavaThread "Monitor Deflation Thread"   daemon [_thread_blocked, id=25812, stack(0x000000b776300000,0x000000b776400000) (1024K)]
  0x0000020be80f22f0 JavaThread "C2 CompilerThread0"         daemon [_thread_in_native, id=18636, stack(0x000000b776400000,0x000000b776500000) (1024K)]
  0x0000020be8167230 JavaThread "C1 CompilerThread0"         daemon [_thread_blocked, id=15584, stack(0x000000b776500000,0x000000b776600000) (1024K)]
  0x0000020bed1b6110 JavaThread "Common-Cleaner"             daemon [_thread_blocked, id=8988, stack(0x000000b776600000,0x000000b776700000) (1024K)]
  0x0000020bed27fae0 JavaThread "Notification Thread"        daemon [_thread_blocked, id=29808, stack(0x000000b776700000,0x000000b776800000) (1024K)]
=>0x0000020bed6857a0 JavaThread "C2 CompilerThread1"         daemon [_thread_in_native, id=14576, stack(0x000000b776800000,0x000000b776900000) (1024K)]
Total: 12

Other Threads:
  0x0000020be80cdf70 VMThread "VM Thread"                           [id=3420, stack(0x000000b775d00000,0x000000b775e00000) (1024K)]
  0x0000020bd17c7320 WatcherThread "VM Periodic Task Thread"        [id=21812, stack(0x000000b775c00000,0x000000b775d00000) (1024K)]
  0x0000020bd171ec60 WorkerThread "GC Thread#0"                     [id=30636, stack(0x000000b775b00000,0x000000b775c00000) (1024K)]
  0x0000020bed2a79a0 WorkerThread "GC Thread#1"                     [id=20860, stack(0x000000b776900000,0x000000b776a00000) (1024K)]
  0x0000020bed2a7d50 WorkerThread "GC Thread#2"                     [id=30668, stack(0x000000b776a00000,0x000000b776b00000) (1024K)]
  0x0000020bed2a8100 WorkerThread "GC Thread#3"                     [id=14256, stack(0x000000b776b00000,0x000000b776c00000) (1024K)]
Total: 6

Threads with active compile tasks:
C2 CompilerThread0  3796 1308   !   4       java.io.BufferedInputStream::read (69 bytes)
C2 CompilerThread1  3796 1306       4       java.io.BufferedInputStream::read1 (121 bytes)
Total: 2

VM state: not at safepoint (normal execution)

VM Mutex/Monitor currently owned by a thread:  ([mutex/lock_event])
[0x00007ffba409e070] MethodCompileQueue_lock - owner thread: 0x0000020be80f22f0
[0x00007ffba409f470] CodeCache_lock - owner thread: 0x0000020be80f22f0
[0x00007ffba409f5f0] Compile_lock - owner thread: 0x0000000000000000

Heap address: 0x0000000080000000, size: 2048 MB, Compressed Oops mode: 32-bit

CDS archive(s) mapped at: [0x0000020b80000000-0x0000020b80ba0000-0x0000020b80ba0000), size 12189696, SharedBaseAddress: 0x0000020b80000000, ArchiveRelocationMode: 1.
Compressed class space mapped at: 0x0000020b81000000-0x0000020bc1000000, reserved size: 1073741824
Narrow klass base: 0x0000020b80000000, Narrow klass shift: 0, Narrow klass range: 0x100000000

GC Precious Log:
 CardTable entry size: 512
 CPUs: 4 total, 4 available
 Memory: 12258M
 Large Page Support: Disabled
 NUMA Support: Disabled
 Compressed Oops: Enabled (32-bit)
 Alignments: Space 512K, Generation 512K, Heap 2M
 Heap Min Capacity: 100M
 Heap Initial Capacity: 100M
 Heap Max Capacity: 2G
 Pre-touch: Disabled
 Parallel Workers: 4

Heap:
 PSYoungGen      total 29696K, used 11489K [0x00000000d5580000, 0x00000000d7680000, 0x0000000100000000)
  eden space 25600K, 32% used [0x00000000d5580000,0x00000000d5d867b8,0x00000000d6e80000)
  from space 4096K, 79% used [0x00000000d6e80000,0x00000000d71b1e98,0x00000000d7280000)
  to   space 4096K, 0% used [0x00000000d7280000,0x00000000d7280000,0x00000000d7680000)
 ParOldGen       total 68608K, used 0K [0x0000000080000000, 0x0000000084300000, 0x00000000d5580000)
  object space 68608K, 0% used [0x0000000080000000,0x0000000080000000,0x0000000084300000)
 Metaspace       used 5973K, committed 6272K, reserved 1114112K
  class space    used 617K, committed 768K, reserved 1048576K

Card table byte_map: [0x0000020bd10b0000,0x0000020bd14c0000] _byte_map_base: 0x0000020bd0cb0000

Marking Bits: (ParMarkBitMap*) 0x00007ffba40a4460
 Begin Bits: [0x0000020be3bc0000, 0x0000020be5bc0000)
 End Bits:   [0x0000020be5bc0000, 0x0000020be7bc0000)

Polling page: 0x0000020bcf740000

Metaspace:

Usage:
  Non-class:      5.23 MB used.
      Class:    617.63 KB used.
       Both:      5.83 MB used.

Virtual space:
  Non-class space:       64.00 MB reserved,       5.38 MB (  8%) committed,  1 nodes.
      Class space:        1.00 GB reserved,     768.00 KB ( <1%) committed,  1 nodes.
             Both:        1.06 GB reserved,       6.12 MB ( <1%) committed. 

Chunk freelists:
   Non-Class:  10.12 MB
       Class:  15.08 MB
        Both:  25.20 MB

MaxMetaspaceSize: unlimited
CompressedClassSpaceSize: 1.00 GB
Initial GC threshold: 21.00 MB
Current GC threshold: 21.00 MB
CDS: on
 - commit_granule_bytes: 65536.
 - commit_granule_words: 8192.
 - virtual_space_node_default_size: 8388608.
 - enlarge_chunks_in_place: 1.
 - use_allocation_guard: 0.


Internal statistics:

num_allocs_failed_limit: 0.
num_arena_births: 190.
num_arena_deaths: 0.
num_vsnodes_births: 2.
num_vsnodes_deaths: 0.
num_space_committed: 99.
num_space_uncommitted: 0.
num_chunks_returned_to_freelist: 0.
num_chunks_taken_from_freelist: 312.
num_chunk_merges: 0.
num_chunk_splits: 199.
num_chunks_enlarged: 124.
num_inconsistent_stats: 0.

CodeHeap 'non-profiled nmethods': size=120000Kb used=569Kb max_used=569Kb free=119430Kb
 bounds [0x0000020bdc3e0000, 0x0000020bdc650000, 0x0000020be3910000]
CodeHeap 'profiled nmethods': size=120000Kb used=2259Kb max_used=2259Kb free=117740Kb
 bounds [0x0000020bd4910000, 0x0000020bd4b80000, 0x0000020bdbe40000]
CodeHeap 'non-nmethods': size=5760Kb used=1203Kb max_used=1226Kb free=4556Kb
 bounds [0x0000020bdbe40000, 0x0000020bdc0b0000, 0x0000020bdc3e0000]
CodeCache: size=245760Kb, used=4031Kb, max_used=4054Kb, free=241726Kb
 total_blobs=1804, nmethods=1334, adapters=377, full_count=0
Compilation: enabled, stopped_count=0, restarted_count=0

Compilation events (20 events):
Event: 3.684 Thread 0x0000020be8167230 nmethod 1295 0x0000020bd4b28d90 code [0x0000020bd4b29100, 0x0000020bd4b2a5e0]
Event: 3.684 Thread 0x0000020be8167230 1296       3       java.io.DataInputStream::readByte (6 bytes)
Event: 3.684 Thread 0x0000020be8167230 nmethod 1296 0x0000020bd4b2ad10 code [0x0000020bd4b2aee0, 0x0000020bd4b2b1c8]
Event: 3.684 Thread 0x0000020be8167230 1297       3       org.eclipse.osgi.container.ModuleDatabase$Persistence::addToReadTable (70 bytes)
Event: 3.685 Thread 0x0000020be8167230 nmethod 1297 0x0000020bd4b2b310 code [0x0000020bd4b2b540, 0x0000020bd4b2bd40]
Event: 3.725 Thread 0x0000020bed6857a0 nmethod 1291 0x0000020bdc464b90 code [0x0000020bdc464ee0, 0x0000020bdc467510]
Event: 3.745 Thread 0x0000020be8167230 1300       3       jdk.internal.util.ByteArray::getUnsignedShort (12 bytes)
Event: 3.746 Thread 0x0000020be8167230 nmethod 1300 0x0000020bd4b2bf10 code [0x0000020bd4b2c120, 0x0000020bd4b2c6b8]
Event: 3.747 Thread 0x0000020be8167230 1301       3       java.lang.invoke.VarHandleByteArrayAsShorts$ArrayHandle::get (36 bytes)
Event: 3.747 Thread 0x0000020be8167230 nmethod 1301 0x0000020bd4b2c910 code [0x0000020bd4b2cae0, 0x0000020bd4b2cec0]
Event: 3.747 Thread 0x0000020be8167230 1302       3       java.lang.invoke.VarHandleByteArrayAsShorts$ArrayHandle::index (12 bytes)
Event: 3.747 Thread 0x0000020be8167230 nmethod 1302 0x0000020bd4b2d090 code [0x0000020bd4b2d240, 0x0000020bd4b2d388]
Event: 3.747 Thread 0x0000020be8167230 1303       3       java.lang.Short::toUnsignedInt (5 bytes)
Event: 3.747 Thread 0x0000020be8167230 nmethod 1303 0x0000020bd4b2d490 code [0x0000020bd4b2d620, 0x0000020bd4b2d718]
Event: 3.747 Thread 0x0000020bed6857a0 1304       4       java.util.concurrent.locks.ReentrantLock$NonfairSync::initialTryLock (58 bytes)
Event: 3.748 Thread 0x0000020bed6857a0 nmethod 1304 0x0000020bdc468b10 code [0x0000020bdc468ca0, 0x0000020bdc468d90]
Event: 3.748 Thread 0x0000020be80f22f0 1305       4       java.io.BufferedInputStream::getBufIfOpen (61 bytes)
Event: 3.749 Thread 0x0000020be80f22f0 nmethod 1305 0x0000020bdc468e10 code [0x0000020bdc468fa0, 0x0000020bdc469078]
Event: 3.751 Thread 0x0000020bed6857a0 1306       4       java.io.BufferedInputStream::read1 (121 bytes)
Event: 3.751 Thread 0x0000020be80f22f0 1307       4       java.io.DataInputStream::readFully (59 bytes)

GC Heap History (2 events):
Event: 3.057 GC heap before
{Heap before GC invocations=1 (full 0):
 PSYoungGen      total 29696K, used 25600K [0x00000000d5580000, 0x00000000d7680000, 0x0000000100000000)
  eden space 25600K, 100% used [0x00000000d5580000,0x00000000d6e80000,0x00000000d6e80000)
  from space 4096K, 0% used [0x00000000d7280000,0x00000000d7280000,0x00000000d7680000)
  to   space 4096K, 0% used [0x00000000d6e80000,0x00000000d6e80000,0x00000000d7280000)
 ParOldGen       total 68608K, used 0K [0x0000000080000000, 0x0000000084300000, 0x00000000d5580000)
  object space 68608K, 0% used [0x0000000080000000,0x0000000080000000,0x0000000084300000)
 Metaspace       used 4384K, committed 4608K, reserved 1114112K
  class space    used 476K, committed 576K, reserved 1048576K
}
Event: 3.120 GC heap after
{Heap after GC invocations=1 (full 0):
 PSYoungGen      total 29696K, used 3271K [0x00000000d5580000, 0x00000000d7680000, 0x0000000100000000)
  eden space 25600K, 0% used [0x00000000d5580000,0x00000000d5580000,0x00000000d6e80000)
  from space 4096K, 79% used [0x00000000d6e80000,0x00000000d71b1e98,0x00000000d7280000)
  to   space 4096K, 0% used [0x00000000d7280000,0x00000000d7280000,0x00000000d7680000)
 ParOldGen       total 68608K, used 0K [0x0000000080000000, 0x0000000084300000, 0x00000000d5580000)
  object space 68608K, 0% used [0x0000000080000000,0x0000000080000000,0x0000000084300000)
 Metaspace       used 4384K, committed 4608K, reserved 1114112K
  class space    used 476K, committed 576K, reserved 1048576K
}

Dll operation events (8 events):
Event: 0.100 Loaded shared library c:\Users\Adrian\.vscode\extensions\redhat.java-1.55.0-win32-x64\jre\21.0.11-win32-x86_64\bin\java.dll
Event: 0.510 Loaded shared library c:\Users\Adrian\.vscode\extensions\redhat.java-1.55.0-win32-x64\jre\21.0.11-win32-x86_64\bin\zip.dll
Event: 0.537 Loaded shared library C:\Users\Adrian\.vscode\extensions\redhat.java-1.55.0-win32-x64\jre\21.0.11-win32-x86_64\bin\instrument.dll
Event: 0.608 Loaded shared library C:\Users\Adrian\.vscode\extensions\redhat.java-1.55.0-win32-x64\jre\21.0.11-win32-x86_64\bin\net.dll
Event: 0.611 Loaded shared library C:\Users\Adrian\.vscode\extensions\redhat.java-1.55.0-win32-x64\jre\21.0.11-win32-x86_64\bin\nio.dll
Event: 0.619 Loaded shared library C:\Users\Adrian\.vscode\extensions\redhat.java-1.55.0-win32-x64\jre\21.0.11-win32-x86_64\bin\zip.dll
Event: 0.641 Loaded shared library C:\Users\Adrian\.vscode\extensions\redhat.java-1.55.0-win32-x64\jre\21.0.11-win32-x86_64\bin\jimage.dll
Event: 1.002 Loaded shared library c:\Users\Adrian\.vscode\extensions\redhat.java-1.55.0-win32-x64\jre\21.0.11-win32-x86_64\bin\verify.dll

Deoptimization events (20 events):
Event: 3.247 Thread 0x0000020bd16ffef0 Uncommon trap: trap_request=0xffffff45 fr.pc=0x0000020bdc44b6bc relative=0x000000000000027c
Event: 3.247 Thread 0x0000020bd16ffef0 Uncommon trap: reason=unstable_if action=reinterpret pc=0x0000020bdc44b6bc method=java.util.HashMap.hash(Ljava/lang/Object;)I @ 1 c2
Event: 3.247 Thread 0x0000020bd16ffef0 DEOPT PACKING pc=0x0000020bdc44b6bc sp=0x000000b775afe560
Event: 3.247 Thread 0x0000020bd16ffef0 DEOPT UNPACKING pc=0x0000020bdbe93aa2 sp=0x000000b775afe3f8 mode 2
Event: 3.250 Thread 0x0000020bd16ffef0 Uncommon trap: trap_request=0xffffff45 fr.pc=0x0000020bdc4471bc relative=0x000000000000027c
Event: 3.250 Thread 0x0000020bd16ffef0 Uncommon trap: reason=unstable_if action=reinterpret pc=0x0000020bdc4471bc method=java.util.HashMap.hash(Ljava/lang/Object;)I @ 1 c2
Event: 3.250 Thread 0x0000020bd16ffef0 DEOPT PACKING pc=0x0000020bdc4471bc sp=0x000000b775afe4d0
Event: 3.250 Thread 0x0000020bd16ffef0 DEOPT UNPACKING pc=0x0000020bdbe93aa2 sp=0x000000b775afe3d8 mode 2
Event: 3.250 Thread 0x0000020bd16ffef0 Uncommon trap: trap_request=0xffffff45 fr.pc=0x0000020bdc44f350 relative=0x00000000000000b0
Event: 3.250 Thread 0x0000020bd16ffef0 Uncommon trap: reason=unstable_if action=reinterpret pc=0x0000020bdc44f350 method=java.util.HashMap.hash(Ljava/lang/Object;)I @ 1 c2
Event: 3.250 Thread 0x0000020bd16ffef0 DEOPT PACKING pc=0x0000020bdc44f350 sp=0x000000b775afe580
Event: 3.250 Thread 0x0000020bd16ffef0 DEOPT UNPACKING pc=0x0000020bdbe93aa2 sp=0x000000b775afe518 mode 2
Event: 3.250 Thread 0x0000020bd16ffef0 Uncommon trap: trap_request=0xffffffde fr.pc=0x0000020bdc42c474 relative=0x0000000000000554
Event: 3.250 Thread 0x0000020bd16ffef0 Uncommon trap: reason=class_check action=maybe_recompile pc=0x0000020bdc42c474 method=java.util.Collections$UnmodifiableCollection$1.<init>(Ljava/util/Collections$UnmodifiableCollection;)V @ 17 c2
Event: 3.250 Thread 0x0000020bd16ffef0 DEOPT PACKING pc=0x0000020bdc42c474 sp=0x000000b775afe5b0
Event: 3.250 Thread 0x0000020bd16ffef0 DEOPT UNPACKING pc=0x0000020bdbe93aa2 sp=0x000000b775afe4f8 mode 2
Event: 3.539 Thread 0x0000020bd16ffef0 Uncommon trap: trap_request=0xffffff45 fr.pc=0x0000020bdc431ff8 relative=0x0000000000000198
Event: 3.539 Thread 0x0000020bd16ffef0 Uncommon trap: reason=unstable_if action=reinterpret pc=0x0000020bdc431ff8 method=java.lang.invoke.VarHandle.checkAccessModeThenIsDirect(Ljava/lang/invoke/VarHandle$AccessDescriptor;)Z @ 4 c2
Event: 3.539 Thread 0x0000020bd16ffef0 DEOPT PACKING pc=0x0000020bdc431ff8 sp=0x000000b775afe560
Event: 3.539 Thread 0x0000020bd16ffef0 DEOPT UNPACKING pc=0x0000020bdbe93aa2 sp=0x000000b775afe4b8 mode 2

Classes loaded (20 events):
Event: 3.656 Loading class java/util/AbstractQueue done
Event: 3.656 Loading class java/util/concurrent/SynchronousQueue done
Event: 3.657 Loading class java/util/concurrent/SynchronousQueue$Transferer
Event: 3.657 Loading class java/util/concurrent/LinkedTransferQueue
Event: 3.657 Loading class java/util/concurrent/TransferQueue
Event: 3.657 Loading class java/util/concurrent/TransferQueue done
Event: 3.657 Loading class java/util/concurrent/LinkedTransferQueue done
Event: 3.657 Loading class java/util/concurrent/SynchronousQueue$Transferer done
Event: 3.657 Loading class java/util/concurrent/LinkedTransferQueue$DualNode
Event: 3.657 Loading class java/util/concurrent/LinkedTransferQueue$DualNode done
Event: 3.658 Loading class java/util/concurrent/RejectedExecutionHandler
Event: 3.658 Loading class java/util/concurrent/RejectedExecutionHandler done
Event: 3.658 Loading class java/util/concurrent/LinkedBlockingQueue
Event: 3.659 Loading class java/util/concurrent/LinkedBlockingQueue done
Event: 3.659 Loading class java/util/concurrent/LinkedBlockingQueue$Node
Event: 3.659 Loading class java/util/concurrent/LinkedBlockingQueue$Node done
Event: 3.671 Loading class java/util/concurrent/Semaphore$NonfairSync
Event: 3.671 Loading class java/util/concurrent/Semaphore$Sync
Event: 3.671 Loading class java/util/concurrent/Semaphore$Sync done
Event: 3.671 Loading class java/util/concurrent/Semaphore$NonfairSync done

Classes unloaded (0 events):
No events

Classes redefined (0 events):
No events

Internal exceptions (20 events):
Event: 2.367 Thread 0x0000020bd16ffef0 Exception <a 'java/io/FileNotFoundException'{0x00000000d64c1630}> (0x00000000d64c1630) 
thrown [s\src\hotspot\share\prims\jni.cpp, line 520]
Event: 2.367 Thread 0x0000020bd16ffef0 Exception <a 'java/io/FileNotFoundException'{0x00000000d64c22e0}> (0x00000000d64c22e0) 
thrown [s\src\hotspot\share\prims\jni.cpp, line 520]
Event: 2.367 Thread 0x0000020bd16ffef0 Exception <a 'java/io/FileNotFoundException'{0x00000000d64c2e58}> (0x00000000d64c2e58) 
thrown [s\src\hotspot\share\prims\jni.cpp, line 520]
Event: 2.431 Thread 0x0000020bd16ffef0 Implicit null exception at 0x0000020bdc412624 to 0x0000020bdc412b84
Event: 2.438 Thread 0x0000020bd16ffef0 Exception <a 'java/io/FileNotFoundException'{0x00000000d64fb2e0}> (0x00000000d64fb2e0) 
thrown [s\src\hotspot\share\prims\jni.cpp, line 520]
Event: 2.453 Thread 0x0000020bd16ffef0 Exception <a 'java/lang/NoSuchMethodError'{0x00000000d6533f98}: 'java.lang.Object java.lang.invoke.DirectMethodHandle$Holder.invokeInterface(java.lang.Object, java.lang.Object)'> (0x00000000d6533f98) 
thrown [s\src\hotspot\share\interpreter\linkResolver.cpp, line 773]
Event: 2.460 Thread 0x0000020bd16ffef0 Exception <a 'java/lang/NoSuchMethodError'{0x00000000d65475d8}: 'java.lang.Object java.lang.invoke.Invokers$Holder.invokeExact_MT(java.lang.Object, java.lang.Object, java.lang.Object, java.lang.Object, java.lang.Object, java.lang.Object)'> (0x00000000d65475d8) 
thrown [s\src\hotspot\share\interpreter\linkResolver.cpp, line 773]
Event: 2.466 Thread 0x0000020bd16ffef0 Exception <a 'java/lang/NoSuchMethodError'{0x00000000d655e6b0}: 'int java.lang.invoke.DirectMethodHandle$Holder.invokeStatic(java.lang.Object, java.lang.Object, java.lang.Object, java.lang.Object, java.lang.Object)'> (0x00000000d655e6b0) 
thrown [s\src\hotspot\share\interpreter\linkResolver.cpp, line 773]
Event: 2.558 Thread 0x0000020bd16ffef0 Exception <a 'java/lang/NoSuchMethodError'{0x00000000d65f3060}: 'java.lang.Object java.lang.invoke.DirectMethodHandle$Holder.invokeInterface(java.lang.Object, java.lang.Object, int)'> (0x00000000d65f3060) 
thrown [s\src\hotspot\share\interpreter\linkResolver.cpp, line 773]
Event: 2.911 Thread 0x0000020bd16ffef0 Exception <a 'java/lang/NoSuchMethodError'{0x00000000d6a5b7c0}: 'java.lang.ClassLoader java.lang.ClassLoader.getPlatformClassLoader(java.lang.Class)'> (0x00000000d6a5b7c0) 
thrown [s\src\hotspot\share\interpreter\linkResolver.cpp, line 773]
Event: 3.053 Thread 0x0000020bd16ffef0 Exception <a 'java/lang/ClassNotFoundException'{0x00000000d6e78dc0}: sun/net/www/protocol/c/Handler> (0x00000000d6e78dc0) 
thrown [s\src\hotspot\share\classfile\systemDictionary.cpp, line 313]
Event: 3.054 Thread 0x0000020bd16ffef0 Exception <a 'java/lang/ClassNotFoundException'{0x00000000d6e7a1a8}: sun/net/www/protocol/c/Handler> (0x00000000d6e7a1a8) 
thrown [s\src\hotspot\share\classfile\systemDictionary.cpp, line 313]
Event: 3.054 Thread 0x0000020bd16ffef0 Exception <a 'java/lang/ClassNotFoundException'{0x00000000d6e7b408}: sun/net/www/protocol/c/Handler> (0x00000000d6e7b408) 
thrown [s\src\hotspot\share\classfile\systemDictionary.cpp, line 313]
Event: 3.127 Thread 0x0000020bd16ffef0 Exception <a 'java/io/FileNotFoundException'{0x00000000d55a4c40}> (0x00000000d55a4c40) 
thrown [s\src\hotspot\share\prims\jni.cpp, line 520]
Event: 3.246 Thread 0x0000020bd16ffef0 Implicit null exception at 0x0000020bdc442dc9 to 0x0000020bdc443734
Event: 3.247 Thread 0x0000020bd16ffef0 Implicit null exception at 0x0000020bdc44b49a to 0x0000020bdc44b6a4
Event: 3.248 Thread 0x0000020bd16ffef0 Exception <a 'java/lang/NoSuchMethodError'{0x00000000d56d9058}: 'void java.lang.invoke.DirectMethodHandle$Holder.invokeStatic(java.lang.Object, java.lang.Object, java.lang.Object, java.lang.Object)'> (0x00000000d56d9058) 
thrown [s\src\hotspot\share\interpreter\linkResolver.cpp, line 773]
Event: 3.250 Thread 0x0000020bd16ffef0 Implicit null exception at 0x0000020bdc446f9a to 0x0000020bdc4471a4
Event: 3.250 Thread 0x0000020bd16ffef0 Implicit null exception at 0x0000020bdc44f2bd to 0x0000020bdc44f341
Event: 3.561 Thread 0x0000020bd16ffef0 Exception <a 'java/lang/NoSuchMethodError'{0x00000000d59c3a58}: 'void java.lang.invoke.DirectMethodHandle$Holder.invokeSpecial(java.lang.Object, java.lang.Object, java.lang.Object)'> (0x00000000d59c3a58) 
thrown [s\src\hotspot\share\interpreter\linkResolver.cpp, line 773]

ZGC Phase Switch (0 events):
No events

VM Operations (16 events):
Event: 0.509 Executing non-safepoint VM operation: HandshakeAllThreads (Deoptimize)
Event: 0.509 Executing non-safepoint VM operation: HandshakeAllThreads (Deoptimize) done
Event: 0.773 Executing non-safepoint VM operation: HandshakeAllThreads (Deoptimize)
Event: 0.773 Executing non-safepoint VM operation: HandshakeAllThreads (Deoptimize) done
Event: 1.779 Executing safepoint VM operation: Cleanup
Event: 1.780 Executing safepoint VM operation: Cleanup done
Event: 2.199 Executing non-safepoint VM operation: HandshakeAllThreads (Deoptimize)
Event: 2.200 Executing non-safepoint VM operation: HandshakeAllThreads (Deoptimize) done
Event: 2.338 Executing non-safepoint VM operation: HandshakeAllThreads (Deoptimize)
Event: 2.338 Executing non-safepoint VM operation: HandshakeAllThreads (Deoptimize) done
Event: 3.038 Executing non-safepoint VM operation: HandshakeAllThreads (Deoptimize)
Event: 3.038 Executing non-safepoint VM operation: HandshakeAllThreads (Deoptimize) done
Event: 3.038 Executing safepoint VM operation: Cleanup
Event: 3.038 Executing safepoint VM operation: Cleanup done
Event: 3.057 Executing safepoint VM operation: ParallelGCFailedAllocation (Allocation Failure)
Event: 3.120 Executing safepoint VM operation: ParallelGCFailedAllocation (Allocation Failure) done

Memory protections (0 events):
No events

Nmethod flushes (0 events):
No events

Events (16 events):
Event: 0.123 Thread 0x0000020bd16ffef0 Thread added: 0x0000020bd16ffef0
Event: 0.224 Thread 0x0000020bd16ffef0 Thread added: 0x0000020be80e81f0
Event: 0.225 Thread 0x0000020bd16ffef0 Thread added: 0x0000020be80e97a0
Event: 0.225 Thread 0x0000020bd16ffef0 Thread added: 0x0000020be80ed080
Event: 0.225 Thread 0x0000020bd16ffef0 Thread added: 0x0000020be80edce0
Event: 0.225 Thread 0x0000020bd16ffef0 Thread added: 0x0000020be80ee940
Event: 0.225 Thread 0x0000020bd16ffef0 Thread added: 0x0000020be80f14b0
Event: 0.225 Thread 0x0000020bd16ffef0 Thread added: 0x0000020be80f22f0
Event: 0.324 Thread 0x0000020bd16ffef0 Thread added: 0x0000020be8167230
Event: 0.539 Thread 0x0000020bd16ffef0 Thread added: 0x0000020bed1b6110
Event: 1.488 Thread 0x0000020bd16ffef0 Thread added: 0x0000020bed27fae0
Event: 1.914 Thread 0x0000020be80f22f0 Thread added: 0x0000020bed26d7f0
Event: 2.431 Thread 0x0000020bed26d7f0 Thread exited: 0x0000020bed26d7f0
Event: 2.941 Thread 0x0000020be8167230 Thread added: 0x0000020bed6f8390
Event: 3.247 Thread 0x0000020bed6f8390 Thread exited: 0x0000020bed6f8390
Event: 3.558 Thread 0x0000020be8167230 Thread added: 0x0000020bed6857a0


Dynamic libraries:
0x00007ff7f0570000 - 0x00007ff7f057e000 	c:\Users\Adrian\.vscode\extensions\redhat.java-1.55.0-win32-x64\jre\21.0.11-win32-x86_64\bin\java.exe
0x00007ffc0f3f0000 - 0x00007ffc0f5e8000 	C:\Windows\SYSTEM32\ntdll.dll
0x00007ffc0e950000 - 0x00007ffc0ea12000 	C:\Windows\System32\KERNEL32.DLL
0x00007ffc0cfb0000 - 0x00007ffc0d2a6000 	C:\Windows\System32\KERNELBASE.dll
0x00007ffc0cc10000 - 0x00007ffc0cd10000 	C:\Windows\System32\ucrtbase.dll
0x00007ffc05960000 - 0x00007ffc05978000 	c:\Users\Adrian\.vscode\extensions\redhat.java-1.55.0-win32-x64\jre\21.0.11-win32-x86_64\bin\jli.dll
0x00007ffc0d6a0000 - 0x00007ffc0d841000 	C:\Windows\System32\USER32.dll
0x00007ffc0cab0000 - 0x00007ffc0cad2000 	C:\Windows\System32\win32u.dll
0x00007ffc0f270000 - 0x00007ffc0f29b000 	C:\Windows\System32\GDI32.dll
0x00007ffc0cd10000 - 0x00007ffc0ce29000 	C:\Windows\System32\gdi32full.dll
0x00007ffc0ce30000 - 0x00007ffc0cecd000 	C:\Windows\System32\msvcp_win.dll
0x00007ffc05940000 - 0x00007ffc0595e000 	c:\Users\Adrian\.vscode\extensions\redhat.java-1.55.0-win32-x64\jre\21.0.11-win32-x86_64\bin\VCRUNTIME140.dll
0x00007ffbf0d10000 - 0x00007ffbf0fab000 	C:\Windows\WinSxS\amd64_microsoft.windows.common-controls_6595b64144ccf1df_6.0.19041.6456_none_60b8a6cb71f64256\COMCTL32.dll
0x00007ffc0f2b0000 - 0x00007ffc0f34e000 	C:\Windows\System32\msvcrt.dll
0x00007ffc0d670000 - 0x00007ffc0d69f000 	C:\Windows\System32\IMM32.DLL
0x00007ffc05930000 - 0x00007ffc0593c000 	c:\Users\Adrian\.vscode\extensions\redhat.java-1.55.0-win32-x64\jre\21.0.11-win32-x86_64\bin\vcruntime140_1.dll
0x00007ffbdf210000 - 0x00007ffbdf29d000 	c:\Users\Adrian\.vscode\extensions\redhat.java-1.55.0-win32-x64\jre\21.0.11-win32-x86_64\bin\msvcp140.dll
0x00007ffba33e0000 - 0x00007ffba4182000 	c:\Users\Adrian\.vscode\extensions\redhat.java-1.55.0-win32-x64\jre\21.0.11-win32-x86_64\bin\server\jvm.dll
0x00007ffc0eb40000 - 0x00007ffc0ebf1000 	C:\Windows\System32\ADVAPI32.dll
0x00007ffc0eed0000 - 0x00007ffc0ef6f000 	C:\Windows\System32\sechost.dll
0x00007ffc0ea20000 - 0x00007ffc0eb40000 	C:\Windows\System32\RPCRT4.dll
0x00007ffc0ca80000 - 0x00007ffc0caa7000 	C:\Windows\System32\bcrypt.dll
0x00007ffc0e160000 - 0x00007ffc0e1cb000 	C:\Windows\System32\WS2_32.dll
0x00007ffc0c010000 - 0x00007ffc0c05b000 	C:\Windows\SYSTEM32\POWRPROF.dll
0x00007ffbfa920000 - 0x00007ffbfa947000 	C:\Windows\SYSTEM32\WINMM.dll
0x00007ffc04b90000 - 0x00007ffc04b9a000 	C:\Windows\SYSTEM32\VERSION.dll
0x00007ffc0be80000 - 0x00007ffc0be92000 	C:\Windows\SYSTEM32\UMPDC.dll
0x00007ffc0a910000 - 0x00007ffc0a922000 	C:\Windows\SYSTEM32\kernel.appcore.dll
0x00007ffc05920000 - 0x00007ffc0592a000 	c:\Users\Adrian\.vscode\extensions\redhat.java-1.55.0-win32-x64\jre\21.0.11-win32-x86_64\bin\jimage.dll
0x00007ffbf9f40000 - 0x00007ffbfa141000 	C:\Windows\SYSTEM32\DBGHELP.DLL
0x00007ffbed670000 - 0x00007ffbed6a4000 	C:\Windows\SYSTEM32\dbgcore.DLL
0x00007ffc0cf20000 - 0x00007ffc0cfa2000 	C:\Windows\System32\bcryptPrimitives.dll
0x00007ffbf8e30000 - 0x00007ffbf8e3f000 	c:\Users\Adrian\.vscode\extensions\redhat.java-1.55.0-win32-x64\jre\21.0.11-win32-x86_64\bin\instrument.dll
0x00007ffbe78e0000 - 0x00007ffbe7900000 	c:\Users\Adrian\.vscode\extensions\redhat.java-1.55.0-win32-x64\jre\21.0.11-win32-x86_64\bin\java.dll
0x00007ffc0e1e0000 - 0x00007ffc0e950000 	C:\Windows\System32\SHELL32.dll
0x00007ffc0ab10000 - 0x00007ffc0b2b5000 	C:\Windows\SYSTEM32\windows.storage.dll
0x00007ffc0d8e0000 - 0x00007ffc0dc34000 	C:\Windows\System32\combase.dll
0x00007ffc0c4b0000 - 0x00007ffc0c4db000 	C:\Windows\SYSTEM32\Wldp.dll
0x00007ffc0f1a0000 - 0x00007ffc0f26d000 	C:\Windows\System32\OLEAUT32.dll
0x00007ffc0d550000 - 0x00007ffc0d5fd000 	C:\Windows\System32\SHCORE.dll
0x00007ffc0d610000 - 0x00007ffc0d66b000 	C:\Windows\System32\shlwapi.dll
0x00007ffc0c9b0000 - 0x00007ffc0c9d4000 	C:\Windows\SYSTEM32\profapi.dll
0x00007ffbe6c20000 - 0x00007ffbe6c38000 	c:\Users\Adrian\.vscode\extensions\redhat.java-1.55.0-win32-x64\jre\21.0.11-win32-x86_64\bin\zip.dll
0x00007ffbf25b0000 - 0x00007ffbf25c0000 	C:\Users\Adrian\.vscode\extensions\redhat.java-1.55.0-win32-x64\jre\21.0.11-win32-x86_64\bin\net.dll
0x00007ffc040c0000 - 0x00007ffc041ca000 	C:\Windows\SYSTEM32\WINHTTP.dll
0x00007ffc0c210000 - 0x00007ffc0c27a000 	C:\Windows\system32\mswsock.dll
0x00007ffbe5230000 - 0x00007ffbe5246000 	C:\Users\Adrian\.vscode\extensions\redhat.java-1.55.0-win32-x64\jre\21.0.11-win32-x86_64\bin\nio.dll
0x00007ffbf22b0000 - 0x00007ffbf22c0000 	c:\Users\Adrian\.vscode\extensions\redhat.java-1.55.0-win32-x64\jre\21.0.11-win32-x86_64\bin\verify.dll

JVMTI agents:
c:\Users\Adrian\.vscode\extensions\redhat.java-1.55.0-win32-x64\lombok\lombok-1.18.39-4050.jar path:c:\Users\Adrian\.vscode\extensions\redhat.java-1.55.0-win32-x64\jre\21.0.11-win32-x86_64\bin\instrument.dll, loaded, initialized, instrumentlib options:none

dbghelp: loaded successfully - version: 4.0.5 - missing functions: none
symbol engine: initialized successfully - sym options: 0x614 - pdb path: .;c:\Users\Adrian\.vscode\extensions\redhat.java-1.55.0-win32-x64\jre\21.0.11-win32-x86_64\bin;C:\Windows\SYSTEM32;C:\Windows\WinSxS\amd64_microsoft.windows.common-controls_6595b64144ccf1df_6.0.19041.6456_none_60b8a6cb71f64256;c:\Users\Adrian\.vscode\extensions\redhat.java-1.55.0-win32-x64\jre\21.0.11-win32-x86_64\bin\server

VM Arguments:
jvm_args: --add-modules=ALL-SYSTEM --add-opens=java.base/java.util=ALL-UNNAMED --add-opens=java.base/java.lang=ALL-UNNAMED --add-opens=java.base/sun.nio.fs=ALL-UNNAMED -Declipse.application=org.eclipse.jdt.ls.core.id1 -Dosgi.bundles.defaultStartLevel=4 -Declipse.product=org.eclipse.jdt.ls.core.product -Djava.import.generatesMetadataFilesAtProjectRoot=false -DDetectVMInstallationsJob.disabled=true -Dfile.encoding=utf8 -XX:+UseParallelGC -XX:GCTimeRatio=4 -XX:AdaptiveSizePolicyWeight=90 -Dsun.zip.disableMemoryMapping=true -Xmx2G -Xms100m -Xlog:disable -javaagent:c:\Users\Adrian\.vscode\extensions\redhat.java-1.55.0-win32-x64\lombok\lombok-1.18.39-4050.jar -XX:+HeapDumpOnOutOfMemoryError -XX:HeapDumpPath=c:\Users\Adrian\AppData\Roaming\Code\User\workspaceStorage\5e102e530e34b59a4b6eba56ccb9686c\redhat.java -Daether.dependencyCollector.impl=bf 
java_command: c:\Users\Adrian\.vscode\extensions\redhat.java-1.55.0-win32-x64\server\plugins\org.eclipse.equinox.launcher_1.7.200.v20260619-2039.jar -configuration c:\Users\Adrian\AppData\Roaming\Code\User\globalStorage\redhat.java\1.55.0\config_win -data c:\Users\Adrian\AppData\Roaming\Code\User\workspaceStorage\5e102e530e34b59a4b6eba56ccb9686c\redhat.java\jdt_ws --pipe=\\.\pipe\lsp-4de07a6cacafa0630c214fc6a458d1a4-sock
java_class_path (initial): c:\Users\Adrian\.vscode\extensions\redhat.java-1.55.0-win32-x64\server\plugins\org.eclipse.equinox.launcher_1.7.200.v20260619-2039.jar
Launcher Type: SUN_STANDARD

[Global flags]
    uintx AdaptiveSizePolicyWeight                 = 90                                        {product} {command line}
     intx CICompilerCount                          = 3                                         {product} {ergonomic}
    uintx GCTimeRatio                              = 4                                         {product} {command line}
     bool HeapDumpOnOutOfMemoryError               = true                                   {manageable} {command line}
    ccstr HeapDumpPath                             = c:\Users\Adrian\AppData\Roaming\Code\User\workspaceStorage\5e102e530e34b59a4b6eba56ccb9686c\redhat.java         {manageable} {command line}
   size_t InitialHeapSize                          = 104857600                                 {product} {command line}
   size_t MaxHeapSize                              = 2147483648                                {product} {command line}
   size_t MaxNewSize                               = 715653120                                 {product} {ergonomic}
   size_t MinHeapDeltaBytes                        = 524288                                    {product} {ergonomic}
   size_t MinHeapSize                              = 104857600                                 {product} {command line}
   size_t NewSize                                  = 34603008                                  {product} {ergonomic}
    uintx NonNMethodCodeHeapSize                   = 5832780                                {pd product} {ergonomic}
    uintx NonProfiledCodeHeapSize                  = 122912730                              {pd product} {ergonomic}
   size_t OldSize                                  = 70254592                                  {product} {ergonomic}
    uintx ProfiledCodeHeapSize                     = 122912730                              {pd product} {ergonomic}
    uintx ReservedCodeCacheSize                    = 251658240                              {pd product} {ergonomic}
     bool SegmentedCodeCache                       = true                                      {product} {ergonomic}
   size_t SoftMaxHeapSize                          = 2147483648                             {manageable} {ergonomic}
     bool UseCompressedOops                        = true                           {product lp64_product} {ergonomic}
     bool UseLargePagesIndividualAllocation        = false                                  {pd product} {ergonomic}
     bool UseParallelGC                            = true                                      {product} {command line}

Logging:
Log output configuration:
 #0: stdout all=off uptime,level,tags foldmultilines=false
 #1: stderr all=off uptime,level,tags foldmultilines=false

Release file:
JAVA_VERSION="21.0.11" 
MODULES="java.base java.compiler java.datatransfer java.xml java.prefs java.desktop java.instrument java.logging java.management java.security.sasl java.naming java.rmi java.management.rmi java.net.http java.scripting java.security.jgss java.transaction.xa java.sql java.sql.rowset java.xml.crypto java.se java.smartcardio jdk.accessibility jdk.internal.jvmstat jdk.attach jdk.charsets jdk.internal.opt jdk.zipfs jdk.compiler jdk.crypto.ec jdk.crypto.cryptoki jdk.crypto.mscapi jdk.dynalink jdk.internal.ed jdk.editpad jdk.hotspot.agent jdk.httpserver jdk.internal.le jdk.internal.vm.ci jdk.internal.vm.compiler jdk.internal.vm.compiler.management jdk.jartool jdk.javadoc jdk.jcmd jdk.management jdk.management.agent jdk.jconsole jdk.jdeps jdk.jdwp.agent jdk.jdi jdk.jfr jdk.jshell jdk.jsobject jdk.jstatd jdk.localedata jdk.management.jfr jdk.naming.dns jdk.naming.rmi jdk.net jdk.nio.mapmode jdk.random jdk.sctp jdk.security.auth jdk.security.jgss jdk.unsupported jdk.unsupported.desktop jdk.xml.dom" 

Environment Variables:
PATH=C:\Program Files\Common Files\Oracle\Java\javapath;C:\Windows\system32;C:\Windows;C:\Windows\System32\Wbem;C:\Windows\System32\WindowsPowerShell\v1.0\;C:\Windows\System32\OpenSSH\;C:\Program Files\NVIDIA Corporation\NVIDIA App\NvDLISR;C:\Program Files (x86)\NVIDIA Corporation\PhysX\Common;C:\Program Files\Git\cmd;C:\Program Files\nodejs\;C:\Users\Adrian\AppData\Local\Microsoft\WindowsApps;C:\Users\Adrian\AppData\Local\Programs\Microsoft VS Code\bin;C:\Users\Adrian\AppData\Roaming\npm;C:\Users\Adrian\.local\bin
USERNAME=Adrian
OS=Windows_NT
PROCESSOR_IDENTIFIER=Intel64 Family 6 Model 42 Stepping 7, GenuineIntel
TMP=C:\Users\Adrian\AppData\Local\Temp
TEMP=C:\Users\Adrian\AppData\Local\Temp




Periodic native trim disabled

---------------  S Y S T E M  ---------------

OS:
 Windows 10 , 64 bit Build 19041 (10.0.19041.5915)
OS uptime: 9 days 18:58 hours

CPU: total 4 (initial active 4) (4 cores per cpu, 1 threads per core) family 6 model 42 stepping 7 microcode 0x2f, cx8, cmov, fxsr, mmx, sse, sse2, sse3, ssse3, sse4.1, sse4.2, popcnt, tsc, tscinvbit, avx, aes, clmul, vzeroupper, clflush, rdtscp
Processor Information for the first 4 processors :
  Max Mhz: 3101, Current Mhz: 3101, Mhz Limit: 3101

Memory: 4k page, system-wide physical 12258M (743M free)
TotalPageFile size 26485M (AvailPageFile size 2M)
current process WorkingSet (physical memory assigned to process): 81M, peak: 82M
current process commit charge ("private bytes"): 223M, peak: 224M

vm_info: OpenJDK 64-Bit Server VM (21.0.11+10-LTS) for windows-amd64 JRE (21.0.11+10-LTS), built on 2026-04-21T00:00:00Z by "admin" with MS VC++ 17.12 (VS2022)

END.
