#
# There is insufficient memory for the Java Runtime Environment to continue.
# Native memory allocation (malloc) failed to allocate 32744 bytes. Error detail: Chunk::new
# Possible reasons:
#   The system is out of physical RAM or swap space
#   This process is running with CompressedOops enabled, and the Java Heap may be blocking the growth of the native heap
# Possible solutions:
#   Reduce memory load on the system
#   Increase physical memory or swap space
#   Check if swap backing store is full
#   Decrease Java heap size (-Xmx/-Xms)
#   Decrease number of Java threads
#   Decrease Java thread stack sizes (-Xss)
#   Set larger code cache with -XX:ReservedCodeCacheSize=
#   JVM is running with Unscaled Compressed Oops mode in which the Java heap is
#     placed in the first 4GB address space. The Java Heap base address is the
#     maximum limit for the native heap growth. Please use -XX:HeapBaseMinAddress
#     to set the Java Heap base and to place the Java Heap above 4GB virtual address.
# This output file may be truncated or incomplete.
#
#  Out of Memory Error (arena.cpp:168), pid=21100, tid=21104
#
# JRE version: OpenJDK Runtime Environment Temurin-21.0.11+10 (21.0.11+10) (build 21.0.11+10-LTS)
# Java VM: OpenJDK 64-Bit Server VM Temurin-21.0.11+10 (21.0.11+10-LTS, mixed mode, sharing, tiered, compressed oops, compressed class ptrs, parallel gc, windows-amd64)
# No core dump will be written. Minidumps are not enabled by default on client versions of Windows
#

---------------  S U M M A R Y ------------

Command Line: --add-modules=ALL-SYSTEM --add-opens=java.base/java.util=ALL-UNNAMED --add-opens=java.base/java.lang=ALL-UNNAMED --add-opens=java.base/sun.nio.fs=ALL-UNNAMED -Declipse.application=org.eclipse.jdt.ls.core.id1 -Dosgi.bundles.defaultStartLevel=4 -Declipse.product=org.eclipse.jdt.ls.core.product -Djava.import.generatesMetadataFilesAtProjectRoot=false -DDetectVMInstallationsJob.disabled=true -Dfile.encoding=utf8 -XX:+UseParallelGC -XX:GCTimeRatio=4 -XX:AdaptiveSizePolicyWeight=90 -Dsun.zip.disableMemoryMapping=true -Xmx2G -Xms100m -Xlog:disable -javaagent:c:\Users\Adrian\.vscode\extensions\redhat.java-1.55.0-win32-x64\lombok\lombok-1.18.39-4050.jar c:\Users\Adrian\.vscode\extensions\redhat.java-1.55.0-win32-x64\server\plugins\org.eclipse.equinox.launcher_1.7.200.v20260619-2039.jar -configuration c:\Users\Adrian\AppData\Roaming\Code\User\globalStorage\redhat.java\1.55.0\config_ss_win -data c:\Users\Adrian\AppData\Roaming\Code\User\workspaceStorage\5e102e530e34b59a4b6eba56ccb9686c\redhat.java\ss_ws --pipe=\\.\pipe\lsp-ab55aa60a56befb28f0011a837ade1fe-sock

Host: Intel(R) Core(TM) i5-2400 CPU @ 3.10GHz, 4 cores, 11G,  Windows 10 , 64 bit Build 19041 (10.0.19041.5915)
Time: Thu Jul 16 18:06:18 2026 Hora est. Pac璗ico, Sudam廨ica elapsed time: 6.220409 seconds (0d 0h 0m 6s)

---------------  T H R E A D  ---------------

Current thread (0x000001c1ff086ca0):  JavaThread "C1 CompilerThread0" daemon [_thread_in_native, id=21104, stack(0x0000000410100000,0x0000000410200000) (1024K)]


Current CompileTask:
C1:6220 2230       3       java.lang.invoke.DelegatingMethodHandle::makeReinvokerForm (326 bytes)

Stack: [0x0000000410100000,0x0000000410200000]
Native frames: (J=compiled Java code, j=interpreted, Vv=VM code, C=native code)
V  [jvm.dll+0x6d7e19]
V  [jvm.dll+0x8b5096]
V  [jvm.dll+0x8b764e]
V  [jvm.dll+0x8b7d33]
V  [jvm.dll+0x284596]
V  [jvm.dll+0xc685d]
V  [jvm.dll+0xc6da1]
V  [jvm.dll+0x9e8f]
V  [jvm.dll+0x15688f]
V  [jvm.dll+0x1731cb]
V  [jvm.dll+0x1553ef]
V  [jvm.dll+0x174372]
V  [jvm.dll+0x157345]
V  [jvm.dll+0x156e25]
V  [jvm.dll+0x156fe4]
V  [jvm.dll+0x1563fc]
V  [jvm.dll+0x15818d]
V  [jvm.dll+0x25baad]
V  [jvm.dll+0x25a03a]
V  [jvm.dll+0x3f868e]
V  [jvm.dll+0x85fb0d]
V  [jvm.dll+0x6d664d]
C  [ucrtbase.dll+0x21bb2]
C  [KERNEL32.DLL+0x17374]
C  [ntdll.dll+0x4cc91]


---------------  P R O C E S S  ---------------

Threads class SMR info:
_java_thread_list=0x000001c1c5c587e0, length=16, elements={
0x000001c1e6655b70, 0x000001c1ff007d80, 0x000001c1ff0093d0, 0x000001c1ff00ca30,
0x000001c1ff00d910, 0x000001c1ff010380, 0x000001c1ff010de0, 0x000001c1ff011c20,
0x000001c1ff086ca0, 0x000001c1c51735e0, 0x000001c1c5264400, 0x000001c1c5a62360,
0x000001c1c5937b40, 0x000001c1c5938c90, 0x000001c1c591d050, 0x000001c1c5b628b0
}

Java Threads: ( => current thread )
  0x000001c1e6655b70 JavaThread "main"                              [_thread_blocked, id=13212, stack(0x000000040f600000,0x000000040f700000) (1024K)]
  0x000001c1ff007d80 JavaThread "Reference Handler"          daemon [_thread_blocked, id=17636, stack(0x000000040fa00000,0x000000040fb00000) (1024K)]
  0x000001c1ff0093d0 JavaThread "Finalizer"                  daemon [_thread_blocked, id=13576, stack(0x000000040fb00000,0x000000040fc00000) (1024K)]
  0x000001c1ff00ca30 JavaThread "Signal Dispatcher"          daemon [_thread_blocked, id=18100, stack(0x000000040fc00000,0x000000040fd00000) (1024K)]
  0x000001c1ff00d910 JavaThread "Attach Listener"            daemon [_thread_blocked, id=14920, stack(0x000000040fd00000,0x000000040fe00000) (1024K)]
  0x000001c1ff010380 JavaThread "Service Thread"             daemon [_thread_blocked, id=8932, stack(0x000000040fe00000,0x000000040ff00000) (1024K)]
  0x000001c1ff010de0 JavaThread "Monitor Deflation Thread"   daemon [_thread_blocked, id=13308, stack(0x000000040ff00000,0x0000000410000000) (1024K)]
  0x000001c1ff011c20 JavaThread "C2 CompilerThread0"         daemon [_thread_in_native, id=12152, stack(0x0000000410000000,0x0000000410100000) (1024K)]
=>0x000001c1ff086ca0 JavaThread "C1 CompilerThread0"         daemon [_thread_in_native, id=21104, stack(0x0000000410100000,0x0000000410200000) (1024K)]
  0x000001c1c51735e0 JavaThread "Common-Cleaner"             daemon [_thread_blocked, id=3808, stack(0x0000000410200000,0x0000000410300000) (1024K)]
  0x000001c1c5264400 JavaThread "Notification Thread"        daemon [_thread_blocked, id=26908, stack(0x0000000410300000,0x0000000410400000) (1024K)]
  0x000001c1c5a62360 JavaThread "Active Thread: Equinox Container: ca5b5d02-65f4-48e6-ae52-d6f476ac1f4d"        [_thread_blocked, id=16216, stack(0x0000000410800000,0x0000000410900000) (1024K)]
  0x000001c1c5937b40 JavaThread "Framework Event Dispatcher: Equinox Container: ca5b5d02-65f4-48e6-ae52-d6f476ac1f4d" daemon [_thread_blocked, id=19592, stack(0x0000000410400000,0x0000000410500000) (1024K)]
  0x000001c1c5938c90 JavaThread "Start Level: Equinox Container: ca5b5d02-65f4-48e6-ae52-d6f476ac1f4d" daemon [_thread_in_vm, id=29360, stack(0x0000000410900000,0x0000000410a00000) (1024K)]
  0x000001c1c591d050 JavaThread "SCR Component Actor"        daemon [_thread_blocked, id=4076, stack(0x0000000410a00000,0x0000000410b00000) (1024K)]
  0x000001c1c5b628b0 JavaThread "Worker-JM"                         [_thread_blocked, id=26796, stack(0x0000000410b00000,0x0000000410c00000) (1024K)]
Total: 16

Other Threads:
  0x000001c1fefed280 VMThread "VM Thread"                           [id=7976, stack(0x000000040f900000,0x000000040fa00000) (1024K)]
  0x000001c1e6816230 WatcherThread "VM Periodic Task Thread"        [id=14900, stack(0x000000040f800000,0x000000040f900000) (1024K)]
  0x000001c1e676c210 WorkerThread "GC Thread#0"                     [id=11384, stack(0x000000040f700000,0x000000040f800000) (1024K)]
  0x000001c1c53e4830 WorkerThread "GC Thread#1"                     [id=17448, stack(0x0000000410500000,0x0000000410600000) (1024K)]
  0x000001c1c53e4be0 WorkerThread "GC Thread#2"                     [id=19960, stack(0x0000000410600000,0x0000000410700000) (1024K)]
  0x000001c1c53e4f90 WorkerThread "GC Thread#3"                     [id=5976, stack(0x0000000410700000,0x0000000410800000) (1024K)]
Total: 6

Threads with active compile tasks:
C2 CompilerThread0  6245 2210 %     4       java.util.Properties$LineReader::readLine @ 53 (584 bytes)
C1 CompilerThread0  6246 2230       3       java.lang.invoke.DelegatingMethodHandle::makeReinvokerForm (326 bytes)
Total: 2

VM state: not at safepoint (normal execution)

VM Mutex/Monitor currently owned by a thread:  ([mutex/lock_event])
[0x00007ffba409d4f0] Metaspace_lock - owner thread: 0x000001c1c5938c90

Heap address: 0x0000000080000000, size: 2048 MB, Compressed Oops mode: 32-bit

CDS archive(s) mapped at: [0x000001c180000000-0x000001c180ba0000-0x000001c180ba0000), size 12189696, SharedBaseAddress: 0x000001c180000000, ArchiveRelocationMode: 1.
Compressed class space mapped at: 0x000001c181000000-0x000001c1c1000000, reserved size: 1073741824
Narrow klass base: 0x000001c180000000, Narrow klass shift: 0, Narrow klass range: 0x100000000

GC Precious Log:
 CardTable entry size: 512
 CPUs: 4 total, 4 available
 Memory: 12258M
 Large Page Support: Disabled
 NUMA Support: Disabled
 Compressed Oops: Enabled (32-bit)
 Alignments: Space 512K, Generation 512K, Heap 2M
 Heap Min Capacity: 100M
 Heap Initial Capacity: 100M
 Heap Max Capacity: 2G
 Pre-touch: Disabled
 Parallel Workers: 4

Heap:
 PSYoungGen      total 29696K, used 27906K [0x00000000d5580000, 0x00000000d7680000, 0x0000000100000000)
  eden space 25600K, 93% used [0x00000000d5580000,0x00000000d6cc5218,0x00000000d6e80000)
  from space 4096K, 99% used [0x00000000d7280000,0x00000000d767b9d0,0x00000000d7680000)
  to   space 4096K, 0% used [0x00000000d6e80000,0x00000000d6e80000,0x00000000d7280000)
 ParOldGen       total 68608K, used 1083K [0x0000000080000000, 0x0000000084300000, 0x00000000d5580000)
  object space 68608K, 1% used [0x0000000080000000,0x000000008010eeb8,0x0000000084300000)
 Metaspace       used 12791K, committed 13312K, reserved 1114112K
  class space    used 1355K, committed 1600K, reserved 1048576K

Card table byte_map: [0x000001c1fa420000,0x000001c1fa830000] _byte_map_base: 0x000001c1fa020000

Marking Bits: (ParMarkBitMap*) 0x00007ffba40a4460
 Begin Bits: [0x000001c1faae0000, 0x000001c1fcae0000)
 End Bits:   [0x000001c1fcae0000, 0x000001c1feae0000)

Polling page: 0x000001c1e65c0000

Metaspace:

Usage:
  Non-class:     11.17 MB used.
      Class:      1.32 MB used.
       Both:     12.49 MB used.

Virtual space:
  Non-class space:       64.00 MB reserved,      11.44 MB ( 18%) committed,  1 nodes.
      Class space:        1.00 GB reserved,       1.56 MB ( <1%) committed,  1 nodes.
             Both:        1.06 GB reserved,      13.00 MB (  1%) committed. 

Chunk freelists:
   Non-Class:  4.36 MB
       Class:  14.48 MB
        Both:  18.84 MB

MaxMetaspaceSize: unlimited
CompressedClassSpaceSize: 1.00 GB
Initial GC threshold: 21.00 MB
Current GC threshold: 21.00 MB
CDS: on
 - commit_granule_bytes: 65536.
 - commit_granule_words: 8192.
 - virtual_space_node_default_size: 8388608.
 - enlarge_chunks_in_place: 1.
 - use_allocation_guard: 0.


Internal statistics:

num_allocs_failed_limit: 0.
num_arena_births: 330.
num_arena_deaths: 0.
num_vsnodes_births: 2.
num_vsnodes_deaths: 0.
num_space_committed: 208.
num_space_uncommitted: 0.
num_chunks_returned_to_freelist: 0.
num_chunks_taken_from_freelist: 754.
num_chunk_merges: 0.
num_chunk_splits: 483.
num_chunks_enlarged: 312.
num_inconsistent_stats: 0.

CodeHeap 'non-profiled nmethods': size=120000Kb used=908Kb max_used=908Kb free=119091Kb
 bounds [0x000001c1f2d10000, 0x000001c1f2f80000, 0x000001c1fa240000]
CodeHeap 'profiled nmethods': size=120000Kb used=4260Kb max_used=4260Kb free=115739Kb
 bounds [0x000001c1eb240000, 0x000001c1eb670000, 0x000001c1f2770000]
CodeHeap 'non-nmethods': size=5760Kb used=1240Kb max_used=1254Kb free=4519Kb
 bounds [0x000001c1f2770000, 0x000001c1f29e0000, 0x000001c1f2d10000]
CodeCache: size=245760Kb, used=6408Kb, max_used=6422Kb, free=239349Kb
 total_blobs=2740, nmethods=2224, adapters=422, full_count=0
Compilation: enabled, stopped_count=0, restarted_count=0

Compilation events (20 events):
Event: 6.213 Thread 0x000001c1ff086ca0 nmethod 2218 0x000001c1eb664090 code [0x000001c1eb664220, 0x000001c1eb664328]
Event: 6.213 Thread 0x000001c1ff086ca0 2219       3       java.lang.invoke.DirectMethodHandle::afIndex (20 bytes)
Event: 6.213 Thread 0x000001c1ff086ca0 nmethod 2219 0x000001c1eb664390 code [0x000001c1eb664520, 0x000001c1eb664668]
Event: 6.213 Thread 0x000001c1ff086ca0 2220       3       java.lang.invoke.DirectMethodHandle::preparedFieldLambdaForm (48 bytes)
Event: 6.213 Thread 0x000001c1ff086ca0 nmethod 2220 0x000001c1eb664710 code [0x000001c1eb664900, 0x000001c1eb664d10]
Event: 6.214 Thread 0x000001c1ff086ca0 2223       3       java.lang.invoke.DirectMethodHandle$Holder::invokeStatic (20 bytes)
Event: 6.214 Thread 0x000001c1ff086ca0 nmethod 2223 0x000001c1eb664e90 code [0x000001c1eb665060, 0x000001c1eb6655a8]
Event: 6.214 Thread 0x000001c1ff086ca0 2224       3       java.lang.invoke.ClassSpecializer$SpeciesData::factory (14 bytes)
Event: 6.214 Thread 0x000001c1ff086ca0 nmethod 2224 0x000001c1eb665710 code [0x000001c1eb6658c0, 0x000001c1eb665b90]
Event: 6.215 Thread 0x000001c1ff086ca0 2225       3       java.lang.invoke.BoundMethodHandle$Species_LL::make (12 bytes)
Event: 6.215 Thread 0x000001c1ff086ca0 nmethod 2225 0x000001c1eb665c90 code [0x000001c1eb665e40, 0x000001c1eb666080]
Event: 6.215 Thread 0x000001c1ff086ca0 2226       3       java.lang.invoke.BoundMethodHandle$Species_LL::<init> (18 bytes)
Event: 6.215 Thread 0x000001c1ff086ca0 nmethod 2226 0x000001c1eb666190 code [0x000001c1eb666340, 0x000001c1eb666548]
Event: 6.216 Thread 0x000001c1ff086ca0 2227   !   3       java.lang.invoke.BoundMethodHandle$Species_L::copyWithExtendL (31 bytes)
Event: 6.216 Thread 0x000001c1ff086ca0 nmethod 2227 0x000001c1eb666690 code [0x000001c1eb6668e0, 0x000001c1eb6673d0]
Event: 6.216 Thread 0x000001c1ff086ca0 2228       3       java.lang.invoke.MethodType::dropParameterTypes (162 bytes)
Event: 6.217 Thread 0x000001c1ff086ca0 nmethod 2228 0x000001c1eb667710 code [0x000001c1eb667a20, 0x000001c1eb668900]
Event: 6.217 Thread 0x000001c1ff086ca0 2229       3       java.lang.invoke.DelegatingMethodHandle::makeReinvokerForm (10 bytes)
Event: 6.217 Thread 0x000001c1ff086ca0 nmethod 2229 0x000001c1eb668e10 code [0x000001c1eb668fc0, 0x000001c1eb6690e8]
Event: 6.217 Thread 0x000001c1ff086ca0 2230       3       java.lang.invoke.DelegatingMethodHandle::makeReinvokerForm (326 bytes)

GC Heap History (4 events):
Event: 2.341 GC heap before
{Heap before GC invocations=1 (full 0):
 PSYoungGen      total 29696K, used 25600K [0x00000000d5580000, 0x00000000d7680000, 0x0000000100000000)
  eden space 25600K, 100% used [0x00000000d5580000,0x00000000d6e80000,0x00000000d6e80000)
  from space 4096K, 0% used [0x00000000d7280000,0x00000000d7280000,0x00000000d7680000)
  to   space 4096K, 0% used [0x00000000d6e80000,0x00000000d6e80000,0x00000000d7280000)
 ParOldGen       total 68608K, used 0K [0x0000000080000000, 0x0000000084300000, 0x00000000d5580000)
  object space 68608K, 0% used [0x0000000080000000,0x0000000080000000,0x0000000084300000)
 Metaspace       used 4379K, committed 4608K, reserved 1114112K
  class space    used 475K, committed 576K, reserved 1048576K
}
Event: 2.411 GC heap after
{Heap after GC invocations=1 (full 0):
 PSYoungGen      total 29696K, used 3271K [0x00000000d5580000, 0x00000000d7680000, 0x0000000100000000)
  eden space 25600K, 0% used [0x00000000d5580000,0x00000000d5580000,0x00000000d6e80000)
  from space 4096K, 79% used [0x00000000d6e80000,0x00000000d71b1e98,0x00000000d7280000)
  to   space 4096K, 0% used [0x00000000d7280000,0x00000000d7280000,0x00000000d7680000)
 ParOldGen       total 68608K, used 0K [0x0000000080000000, 0x0000000084300000, 0x00000000d5580000)
  object space 68608K, 0% used [0x0000000080000000,0x0000000080000000,0x0000000084300000)
 Metaspace       used 4379K, committed 4608K, reserved 1114112K
  class space    used 475K, committed 576K, reserved 1048576K
}
Event: 4.786 GC heap before
{Heap before GC invocations=2 (full 0):
 PSYoungGen      total 29696K, used 28871K [0x00000000d5580000, 0x00000000d7680000, 0x0000000100000000)
  eden space 25600K, 100% used [0x00000000d5580000,0x00000000d6e80000,0x00000000d6e80000)
  from space 4096K, 79% used [0x00000000d6e80000,0x00000000d71b1e98,0x00000000d7280000)
  to   space 4096K, 0% used [0x00000000d7280000,0x00000000d7280000,0x00000000d7680000)
 ParOldGen       total 68608K, used 0K [0x0000000080000000, 0x0000000084300000, 0x00000000d5580000)
  object space 68608K, 0% used [0x0000000080000000,0x0000000080000000,0x0000000084300000)
 Metaspace       used 8228K, committed 8512K, reserved 1114112K
  class space    used 874K, committed 1024K, reserved 1048576K
}
Event: 4.792 GC heap after
{Heap after GC invocations=2 (full 0):
 PSYoungGen      total 29696K, used 4078K [0x00000000d5580000, 0x00000000d7680000, 0x0000000100000000)
  eden space 25600K, 0% used [0x00000000d5580000,0x00000000d5580000,0x00000000d6e80000)
  from space 4096K, 99% used [0x00000000d7280000,0x00000000d767b9d0,0x00000000d7680000)
  to   space 4096K, 0% used [0x00000000d6e80000,0x00000000d6e80000,0x00000000d7280000)
 ParOldGen       total 68608K, used 1083K [0x0000000080000000, 0x0000000084300000, 0x00000000d5580000)
  object space 68608K, 1% used [0x0000000080000000,0x000000008010eeb8,0x0000000084300000)
 Metaspace       used 8228K, committed 8512K, reserved 1114112K
  class space    used 874K, committed 1024K, reserved 1048576K
}

Dll operation events (9 events):
Event: 0.012 Loaded shared library c:\Users\Adrian\.vscode\extensions\redhat.java-1.55.0-win32-x64\jre\21.0.11-win32-x86_64\bin\java.dll
Event: 0.242 Loaded shared library c:\Users\Adrian\.vscode\extensions\redhat.java-1.55.0-win32-x64\jre\21.0.11-win32-x86_64\bin\zip.dll
Event: 0.277 Loaded shared library C:\Users\Adrian\.vscode\extensions\redhat.java-1.55.0-win32-x64\jre\21.0.11-win32-x86_64\bin\instrument.dll
Event: 0.372 Loaded shared library C:\Users\Adrian\.vscode\extensions\redhat.java-1.55.0-win32-x64\jre\21.0.11-win32-x86_64\bin\net.dll
Event: 0.382 Loaded shared library C:\Users\Adrian\.vscode\extensions\redhat.java-1.55.0-win32-x64\jre\21.0.11-win32-x86_64\bin\nio.dll
Event: 0.389 Loaded shared library C:\Users\Adrian\.vscode\extensions\redhat.java-1.55.0-win32-x64\jre\21.0.11-win32-x86_64\bin\zip.dll
Event: 0.464 Loaded shared library C:\Users\Adrian\.vscode\extensions\redhat.java-1.55.0-win32-x64\jre\21.0.11-win32-x86_64\bin\jimage.dll
Event: 0.728 Loaded shared library c:\Users\Adrian\.vscode\extensions\redhat.java-1.55.0-win32-x64\jre\21.0.11-win32-x86_64\bin\verify.dll
Event: 4.685 Loaded shared library C:\Users\Adrian\AppData\Roaming\Code\User\globalStorage\redhat.java\1.55.0\config_ss_win\org.eclipse.equinox.launcher\org.eclipse.equinox.launcher.win32.win32.x86_64_1.3.100.v20260613-0559\eclipse_11924.dll

Deoptimization events (20 events):
Event: 5.554 Thread 0x000001c1c5938c90 Uncommon trap: trap_request=0xffffffc6 fr.pc=0x000001c1f2ddacb0 relative=0x00000000000012b0
Event: 5.554 Thread 0x000001c1c5938c90 Uncommon trap: reason=bimorphic_or_optimized_type_check action=maybe_recompile pc=0x000001c1f2ddacb0 method=java.io.DataInputStream.readFully([BII)V @ 30 c2
Event: 5.554 Thread 0x000001c1c5938c90 DEOPT PACKING pc=0x000001c1f2ddacb0 sp=0x00000004109fb8a0
Event: 5.554 Thread 0x000001c1c5938c90 DEOPT UNPACKING pc=0x000001c1f27c3aa2 sp=0x00000004109fb898 mode 2
Event: 5.554 Thread 0x000001c1c5938c90 Uncommon trap: trap_request=0xffffffc6 fr.pc=0x000001c1f2ddacb0 relative=0x00000000000012b0
Event: 5.554 Thread 0x000001c1c5938c90 Uncommon trap: reason=bimorphic_or_optimized_type_check action=maybe_recompile pc=0x000001c1f2ddacb0 method=java.io.DataInputStream.readFully([BII)V @ 30 c2
Event: 5.554 Thread 0x000001c1c5938c90 DEOPT PACKING pc=0x000001c1f2ddacb0 sp=0x00000004109fb890
Event: 5.554 Thread 0x000001c1c5938c90 DEOPT UNPACKING pc=0x000001c1f27c3aa2 sp=0x00000004109fb888 mode 2
Event: 5.554 Thread 0x000001c1c5938c90 Uncommon trap: trap_request=0xffffffc6 fr.pc=0x000001c1f2ddacb0 relative=0x00000000000012b0
Event: 5.554 Thread 0x000001c1c5938c90 Uncommon trap: reason=bimorphic_or_optimized_type_check action=maybe_recompile pc=0x000001c1f2ddacb0 method=java.io.DataInputStream.readFully([BII)V @ 30 c2
Event: 5.554 Thread 0x000001c1c5938c90 DEOPT PACKING pc=0x000001c1f2ddacb0 sp=0x00000004109fb890
Event: 5.554 Thread 0x000001c1c5938c90 DEOPT UNPACKING pc=0x000001c1f27c3aa2 sp=0x00000004109fb888 mode 2
Event: 5.554 Thread 0x000001c1c5938c90 Uncommon trap: trap_request=0xffffffc6 fr.pc=0x000001c1f2ddacb0 relative=0x00000000000012b0
Event: 5.554 Thread 0x000001c1c5938c90 Uncommon trap: reason=bimorphic_or_optimized_type_check action=maybe_recompile pc=0x000001c1f2ddacb0 method=java.io.DataInputStream.readFully([BII)V @ 30 c2
Event: 5.554 Thread 0x000001c1c5938c90 DEOPT PACKING pc=0x000001c1f2ddacb0 sp=0x00000004109fb890
Event: 5.554 Thread 0x000001c1c5938c90 DEOPT UNPACKING pc=0x000001c1f27c3aa2 sp=0x00000004109fb888 mode 2
Event: 6.084 Thread 0x000001c1c5938c90 Uncommon trap: trap_request=0xffffffde fr.pc=0x000001c1f2dc1644 relative=0x0000000000000ae4
Event: 6.084 Thread 0x000001c1c5938c90 Uncommon trap: reason=class_check action=maybe_recompile pc=0x000001c1f2dc1644 method=java.util.HashMap.putVal(ILjava/lang/Object;Ljava/lang/Object;ZZ)Ljava/lang/Object; @ 91 c2
Event: 6.084 Thread 0x000001c1c5938c90 DEOPT PACKING pc=0x000001c1f2dc1644 sp=0x00000004109f7f00
Event: 6.084 Thread 0x000001c1c5938c90 DEOPT UNPACKING pc=0x000001c1f27c3aa2 sp=0x00000004109f7e28 mode 2

Classes loaded (20 events):
Event: 5.847 Loading class java/time/zone/TzdbZoneRulesProvider
Event: 5.847 Loading class java/time/zone/TzdbZoneRulesProvider done
Event: 5.851 Loading class java/time/zone/Ser
Event: 5.851 Loading class java/io/Externalizable
Event: 5.851 Loading class java/io/Externalizable done
Event: 5.851 Loading class java/time/zone/Ser done
Event: 5.853 Loading class java/util/Formatter$FixedString
Event: 5.854 Loading class java/util/Formatter$FixedString done
Event: 5.941 Loading class java/util/concurrent/TimeoutException
Event: 5.941 Loading class java/util/concurrent/TimeoutException done
Event: 6.083 Loading class java/util/PropertyResourceBundle
Event: 6.083 Loading class java/util/PropertyResourceBundle done
Event: 6.083 Loading class sun/util/PropertyResourceBundleCharset
Event: 6.083 Loading class sun/util/PropertyResourceBundleCharset done
Event: 6.083 Loading class sun/util/PropertyResourceBundleCharset$PropertiesFileDecoder
Event: 6.083 Loading class sun/util/PropertyResourceBundleCharset$PropertiesFileDecoder done
Event: 6.085 Loading class java/lang/invoke/DirectMethodHandle$StaticAccessor
Event: 6.085 Loading class java/lang/invoke/DirectMethodHandle$StaticAccessor done
Event: 6.205 Loading class java/lang/AbstractMethodError
Event: 6.206 Loading class java/lang/AbstractMethodError done

Classes unloaded (0 events):
No events

Classes redefined (0 events):
No events

Internal exceptions (20 events):
Event: 2.563 Thread 0x000001c1e6655b70 Exception <a 'java/lang/NoSuchMethodError'{0x00000000d56e8908}: 'void java.lang.invoke.DirectMethodHandle$Holder.invokeStatic(java.lang.Object, java.lang.Object, java.lang.Object, java.lang.Object)'> (0x00000000d56e8908) 
thrown [s\src\hotspot\share\interpreter\linkResolver.cpp, line 773]
Event: 2.568 Thread 0x000001c1e6655b70 Implicit null exception at 0x000001c1f2d6f53a to 0x000001c1f2d6f7cc
Event: 2.568 Thread 0x000001c1e6655b70 Implicit null exception at 0x000001c1f2d6f13d to 0x000001c1f2d6f1c1
Event: 2.840 Thread 0x000001c1e6655b70 Exception <a 'java/lang/NoSuchMethodError'{0x00000000d59acaf0}: 'void java.lang.invoke.DirectMethodHandle$Holder.invokeSpecial(java.lang.Object, java.lang.Object, java.lang.Object)'> (0x00000000d59acaf0) 
thrown [s\src\hotspot\share\interpreter\linkResolver.cpp, line 773]
Event: 3.536 Thread 0x000001c1e6655b70 Exception <a 'java/lang/NoSuchMethodError'{0x00000000d62ab228}: 'int java.lang.invoke.DirectMethodHandle$Holder.invokeVirtual(java.lang.Object, java.lang.Object)'> (0x00000000d62ab228) 
thrown [s\src\hotspot\share\interpreter\linkResolver.cpp, line 773]
Event: 3.634 Thread 0x000001c1e6655b70 Exception <a 'java/lang/NoSuchMethodError'{0x00000000d6420380}: 'int java.lang.invoke.DirectMethodHandle$Holder.invokeStaticInit(java.lang.Object, java.lang.Object, java.lang.Object, java.lang.Object)'> (0x00000000d6420380) 
thrown [s\src\hotspot\share\interpreter\linkResolver.cpp, line 773]
Event: 3.636 Thread 0x000001c1e6655b70 Exception <a 'java/lang/IncompatibleClassChangeError'{0x00000000d6428a68}: Found class java.lang.Object, but interface was expected> (0x00000000d6428a68) 
thrown [s\src\hotspot\share\interpreter\linkResolver.cpp, line 840]
Event: 3.637 Thread 0x000001c1e6655b70 Exception <a 'java/lang/NoSuchMethodError'{0x00000000d642eff8}: 'void java.lang.invoke.DirectMethodHandle$Holder.invokeStaticInit(java.lang.Object, java.lang.Object)'> (0x00000000d642eff8) 
thrown [s\src\hotspot\share\interpreter\linkResolver.cpp, line 773]
Event: 3.638 Thread 0x000001c1e6655b70 Exception <a 'java/lang/NoSuchMethodError'{0x00000000d64381f0}: 'int java.lang.invoke.DirectMethodHandle$Holder.invokeStaticInit(java.lang.Object, java.lang.Object)'> (0x00000000d64381f0) 
thrown [s\src\hotspot\share\interpreter\linkResolver.cpp, line 773]
Event: 3.754 Thread 0x000001c1e6655b70 Exception <a 'java/lang/NoSuchMethodError'{0x00000000d66837d0}: 'java.lang.Object java.lang.invoke.DirectMethodHandle$Holder.newInvokeSpecial(java.lang.Object, int, java.lang.Object)'> (0x00000000d66837d0) 
thrown [s\src\hotspot\share\interpreter\linkResolver.cpp, line 773]
Event: 3.993 Thread 0x000001c1e6655b70 Exception <a 'java/lang/ClassNotFoundException'{0x00000000d68a7310}: sun/net/www/protocol/plurl/Handler> (0x00000000d68a7310) 
thrown [s\src\hotspot\share\classfile\systemDictionary.cpp, line 313]
Event: 3.993 Thread 0x000001c1e6655b70 Exception <a 'java/lang/ClassNotFoundException'{0x00000000d68a8190}: sun/net/www/protocol/plurl/Handler> (0x00000000d68a8190) 
thrown [s\src\hotspot\share\classfile\systemDictionary.cpp, line 313]
Event: 4.677 Thread 0x000001c1e6655b70 Exception <a 'java/lang/UnsatisfiedLinkError'{0x00000000d6cd95c8}: 'void org.eclipse.equinox.launcher.JNIBridge._update_splash()'> (0x00000000d6cd95c8) 
thrown [s\src\hotspot\share\prims\nativeLookup.cpp, line 415]
Event: 4.906 Thread 0x000001c1c5938c90 Exception <a 'java/lang/NullPointerException'{0x00000000d5802948}> (0x00000000d5802948) 
thrown [s\src\hotspot\share\interpreter\linkResolver.cpp, line 1372]
Event: 4.906 Thread 0x000001c1c5938c90 Exception <a 'java/lang/NullPointerException'{0x00000000d5802c28}> (0x00000000d5802c28) 
thrown [s\src\hotspot\share\interpreter\linkResolver.cpp, line 1372]
Event: 5.416 Thread 0x000001c1c5938c90 Exception <a 'java/lang/NoSuchMethodError'{0x00000000d60d4658}: 'long java.lang.invoke.DirectMethodHandle$Holder.invokeSpecial(java.lang.Object, java.lang.Object)'> (0x00000000d60d4658) 
thrown [s\src\hotspot\share\interpreter\linkResolver.cpp, line 773]
Event: 5.545 Thread 0x000001c1c5938c90 Exception <a 'java/io/FileNotFoundException'{0x00000000d62c16e8}> (0x00000000d62c16e8) 
thrown [s\src\hotspot\share\prims\jni.cpp, line 520]
Event: 5.764 Thread 0x000001c1c5938c90 Exception <a 'java/lang/NoSuchMethodError'{0x00000000d65ba760}: 'java.lang.Object java.lang.invoke.Invokers$Holder.linkToTargetMethod(java.lang.Object, long, java.lang.Object)'> (0x00000000d65ba760) 
thrown [s\src\hotspot\share\interpreter\linkResolver.cpp, line 773]
Event: 5.942 Thread 0x000001c1c5938c90 Exception <a 'java/lang/NoSuchMethodError'{0x00000000d6942be8}: 'void java.lang.invoke.DirectMethodHandle$Holder.invokeInterface(java.lang.Object, java.lang.Object, java.lang.Object)'> (0x00000000d6942be8) 
thrown [s\src\hotspot\share\interpreter\linkResolver.cpp, line 773]
Event: 6.087 Thread 0x000001c1c5938c90 Exception <a 'java/lang/NoSuchMethodError'{0x00000000d6b557a8}: 'void java.lang.invoke.Invokers$Holder.invokeExact_MT(java.lang.Object, java.lang.Object, java.lang.Object)'> (0x00000000d6b557a8) 
thrown [s\src\hotspot\share\interpreter\linkResolver.cpp, line 773]

ZGC Phase Switch (0 events):
No events

VM Operations (20 events):
Event: 2.341 Executing safepoint VM operation: ParallelGCFailedAllocation (Allocation Failure)
Event: 2.412 Executing safepoint VM operation: ParallelGCFailedAllocation (Allocation Failure) done
Event: 3.413 Executing safepoint VM operation: Cleanup
Event: 3.413 Executing safepoint VM operation: Cleanup done
Event: 3.728 Executing non-safepoint VM operation: HandshakeAllThreads (Deoptimize)
Event: 3.728 Executing non-safepoint VM operation: HandshakeAllThreads (Deoptimize) done
Event: 3.741 Executing non-safepoint VM operation: HandshakeAllThreads (Deoptimize)
Event: 3.741 Executing non-safepoint VM operation: HandshakeAllThreads (Deoptimize) done
Event: 3.879 Executing non-safepoint VM operation: HandshakeAllThreads (Deoptimize)
Event: 3.879 Executing non-safepoint VM operation: HandshakeAllThreads (Deoptimize) done
Event: 3.965 Executing non-safepoint VM operation: HandshakeAllThreads (Deoptimize)
Event: 3.965 Executing non-safepoint VM operation: HandshakeAllThreads (Deoptimize) done
Event: 4.786 Executing safepoint VM operation: ParallelGCFailedAllocation (Allocation Failure)
Event: 4.792 Executing safepoint VM operation: ParallelGCFailedAllocation (Allocation Failure) done
Event: 5.214 Executing non-safepoint VM operation: HandshakeAllThreads (Deoptimize)
Event: 5.214 Executing non-safepoint VM operation: HandshakeAllThreads (Deoptimize) done
Event: 5.846 Executing non-safepoint VM operation: HandshakeAllThreads (Deoptimize)
Event: 5.846 Executing non-safepoint VM operation: HandshakeAllThreads (Deoptimize) done
Event: 5.846 Executing safepoint VM operation: Cleanup
Event: 5.846 Executing safepoint VM operation: Cleanup done

Memory protections (0 events):
No events

Nmethod flushes (0 events):
No events

Events (20 events):
Event: 0.088 Thread 0x000001c1e6655b70 Thread added: 0x000001c1ff00d910
Event: 0.088 Thread 0x000001c1e6655b70 Thread added: 0x000001c1ff010380
Event: 0.088 Thread 0x000001c1e6655b70 Thread added: 0x000001c1ff010de0
Event: 0.088 Thread 0x000001c1e6655b70 Thread added: 0x000001c1ff011c20
Event: 0.115 Thread 0x000001c1e6655b70 Thread added: 0x000001c1ff086ca0
Event: 0.280 Thread 0x000001c1e6655b70 Thread added: 0x000001c1c51735e0
Event: 1.033 Thread 0x000001c1e6655b70 Thread added: 0x000001c1c5264400
Event: 1.040 Thread 0x000001c1ff086ca0 Thread added: 0x000001c1c52d2790
Event: 2.434 Thread 0x000001c1c52d2790 Thread exited: 0x000001c1c52d2790
Event: 3.075 Thread 0x000001c1ff086ca0 Thread added: 0x000001c1c55f31c0
Event: 3.331 Thread 0x000001c1c55f31c0 Thread exited: 0x000001c1c55f31c0
Event: 3.437 Thread 0x000001c1ff086ca0 Thread added: 0x000001c1c55f31c0
Event: 3.651 Thread 0x000001c1e6655b70 Thread added: 0x000001c1c5a62360
Event: 3.977 Thread 0x000001c1c55f31c0 Thread exited: 0x000001c1c55f31c0
Event: 4.480 Thread 0x000001c1e6655b70 Thread added: 0x000001c1c5937b40
Event: 4.676 Thread 0x000001c1e6655b70 Thread added: 0x000001c1c5938c90
Event: 4.798 Thread 0x000001c1c5938c90 Thread added: 0x000001c1c591d050
Event: 5.425 Thread 0x000001c1ff086ca0 Thread added: 0x000001c1c5c62e10
Event: 5.658 Thread 0x000001c1c5c62e10 Thread exited: 0x000001c1c5c62e10
Event: 5.949 Thread 0x000001c1c5938c90 Thread added: 0x000001c1c5b628b0


Dynamic libraries:
0x00007ff7f0570000 - 0x00007ff7f057e000 	c:\Users\Adrian\.vscode\extensions\redhat.java-1.55.0-win32-x64\jre\21.0.11-win32-x86_64\bin\java.exe
0x00007ffc0f3f0000 - 0x00007ffc0f5e8000 	C:\Windows\SYSTEM32\ntdll.dll
0x00007ffc0e950000 - 0x00007ffc0ea12000 	C:\Windows\System32\KERNEL32.DLL
0x00007ffc0cfb0000 - 0x00007ffc0d2a6000 	C:\Windows\System32\KERNELBASE.dll
0x00007ffc0cc10000 - 0x00007ffc0cd10000 	C:\Windows\System32\ucrtbase.dll
0x00007ffc05960000 - 0x00007ffc05978000 	c:\Users\Adrian\.vscode\extensions\redhat.java-1.55.0-win32-x64\jre\21.0.11-win32-x86_64\bin\jli.dll
0x00007ffc0d6a0000 - 0x00007ffc0d841000 	C:\Windows\System32\USER32.dll
0x00007ffc0cab0000 - 0x00007ffc0cad2000 	C:\Windows\System32\win32u.dll
0x00007ffc0f270000 - 0x00007ffc0f29b000 	C:\Windows\System32\GDI32.dll
0x00007ffc0cd10000 - 0x00007ffc0ce29000 	C:\Windows\System32\gdi32full.dll
0x00007ffc0ce30000 - 0x00007ffc0cecd000 	C:\Windows\System32\msvcp_win.dll
0x00007ffc05940000 - 0x00007ffc0595e000 	c:\Users\Adrian\.vscode\extensions\redhat.java-1.55.0-win32-x64\jre\21.0.11-win32-x86_64\bin\VCRUNTIME140.dll
0x00007ffbf0d10000 - 0x00007ffbf0fab000 	C:\Windows\WinSxS\amd64_microsoft.windows.common-controls_6595b64144ccf1df_6.0.19041.6456_none_60b8a6cb71f64256\COMCTL32.dll
0x00007ffc0f2b0000 - 0x00007ffc0f34e000 	C:\Windows\System32\msvcrt.dll
0x00007ffc0d670000 - 0x00007ffc0d69f000 	C:\Windows\System32\IMM32.DLL
0x00007ffc05930000 - 0x00007ffc0593c000 	c:\Users\Adrian\.vscode\extensions\redhat.java-1.55.0-win32-x64\jre\21.0.11-win32-x86_64\bin\vcruntime140_1.dll
0x00007ffbdf210000 - 0x00007ffbdf29d000 	c:\Users\Adrian\.vscode\extensions\redhat.java-1.55.0-win32-x64\jre\21.0.11-win32-x86_64\bin\msvcp140.dll
0x00007ffba33e0000 - 0x00007ffba4182000 	c:\Users\Adrian\.vscode\extensions\redhat.java-1.55.0-win32-x64\jre\21.0.11-win32-x86_64\bin\server\jvm.dll
0x00007ffc0eb40000 - 0x00007ffc0ebf1000 	C:\Windows\System32\ADVAPI32.dll
0x00007ffc0eed0000 - 0x00007ffc0ef6f000 	C:\Windows\System32\sechost.dll
0x00007ffc0ea20000 - 0x00007ffc0eb40000 	C:\Windows\System32\RPCRT4.dll
0x00007ffc0ca80000 - 0x00007ffc0caa7000 	C:\Windows\System32\bcrypt.dll
0x00007ffc0e160000 - 0x00007ffc0e1cb000 	C:\Windows\System32\WS2_32.dll
0x00007ffc0c010000 - 0x00007ffc0c05b000 	C:\Windows\SYSTEM32\POWRPROF.dll
0x00007ffbfa920000 - 0x00007ffbfa947000 	C:\Windows\SYSTEM32\WINMM.dll
0x00007ffc04b90000 - 0x00007ffc04b9a000 	C:\Windows\SYSTEM32\VERSION.dll
0x00007ffc0be80000 - 0x00007ffc0be92000 	C:\Windows\SYSTEM32\UMPDC.dll
0x00007ffc0a910000 - 0x00007ffc0a922000 	C:\Windows\SYSTEM32\kernel.appcore.dll
0x00007ffc05920000 - 0x00007ffc0592a000 	c:\Users\Adrian\.vscode\extensions\redhat.java-1.55.0-win32-x64\jre\21.0.11-win32-x86_64\bin\jimage.dll
0x00007ffbf9f40000 - 0x00007ffbfa141000 	C:\Windows\SYSTEM32\DBGHELP.DLL
0x00007ffbed670000 - 0x00007ffbed6a4000 	C:\Windows\SYSTEM32\dbgcore.DLL
0x00007ffc0cf20000 - 0x00007ffc0cfa2000 	C:\Windows\System32\bcryptPrimitives.dll
0x00007ffbf8e30000 - 0x00007ffbf8e3f000 	c:\Users\Adrian\.vscode\extensions\redhat.java-1.55.0-win32-x64\jre\21.0.11-win32-x86_64\bin\instrument.dll
0x00007ffbe78e0000 - 0x00007ffbe7900000 	c:\Users\Adrian\.vscode\extensions\redhat.java-1.55.0-win32-x64\jre\21.0.11-win32-x86_64\bin\java.dll
0x00007ffc0e1e0000 - 0x00007ffc0e950000 	C:\Windows\System32\SHELL32.dll
0x00007ffc0ab10000 - 0x00007ffc0b2b5000 	C:\Windows\SYSTEM32\windows.storage.dll
0x00007ffc0d8e0000 - 0x00007ffc0dc34000 	C:\Windows\System32\combase.dll
0x00007ffc0c4b0000 - 0x00007ffc0c4db000 	C:\Windows\SYSTEM32\Wldp.dll
0x00007ffc0f1a0000 - 0x00007ffc0f26d000 	C:\Windows\System32\OLEAUT32.dll
0x00007ffc0d550000 - 0x00007ffc0d5fd000 	C:\Windows\System32\SHCORE.dll
0x00007ffc0d610000 - 0x00007ffc0d66b000 	C:\Windows\System32\shlwapi.dll
0x00007ffc0c9b0000 - 0x00007ffc0c9d4000 	C:\Windows\SYSTEM32\profapi.dll
0x00007ffbe6c20000 - 0x00007ffbe6c38000 	c:\Users\Adrian\.vscode\extensions\redhat.java-1.55.0-win32-x64\jre\21.0.11-win32-x86_64\bin\zip.dll
0x00007ffbf25b0000 - 0x00007ffbf25c0000 	C:\Users\Adrian\.vscode\extensions\redhat.java-1.55.0-win32-x64\jre\21.0.11-win32-x86_64\bin\net.dll
0x00007ffc040c0000 - 0x00007ffc041ca000 	C:\Windows\SYSTEM32\WINHTTP.dll
0x00007ffc0c210000 - 0x00007ffc0c27a000 	C:\Windows\system32\mswsock.dll
0x00007ffbe5230000 - 0x00007ffbe5246000 	C:\Users\Adrian\.vscode\extensions\redhat.java-1.55.0-win32-x64\jre\21.0.11-win32-x86_64\bin\nio.dll
0x00007ffbf22b0000 - 0x00007ffbf22c0000 	c:\Users\Adrian\.vscode\extensions\redhat.java-1.55.0-win32-x64\jre\21.0.11-win32-x86_64\bin\verify.dll
0x00007ffbdb8f0000 - 0x00007ffbdb935000 	C:\Users\Adrian\AppData\Roaming\Code\User\globalStorage\redhat.java\1.55.0\config_ss_win\org.eclipse.equinox.launcher\org.eclipse.equinox.launcher.win32.win32.x86_64_1.3.100.v20260613-0559\eclipse_11924.dll
0x00007ffc0ec00000 - 0x00007ffc0ed2b000 	C:\Windows\System32\ole32.dll

JVMTI agents:
c:\Users\Adrian\.vscode\extensions\redhat.java-1.55.0-win32-x64\lombok\lombok-1.18.39-4050.jar path:c:\Users\Adrian\.vscode\extensions\redhat.java-1.55.0-win32-x64\jre\21.0.11-win32-x86_64\bin\instrument.dll, loaded, initialized, instrumentlib options:none

dbghelp: loaded successfully - version: 4.0.5 - missing functions: none
symbol engine: initialized successfully - sym options: 0x614 - pdb path: .;c:\Users\Adrian\.vscode\extensions\redhat.java-1.55.0-win32-x64\jre\21.0.11-win32-x86_64\bin;C:\Windows\SYSTEM32;C:\Windows\WinSxS\amd64_microsoft.windows.common-controls_6595b64144ccf1df_6.0.19041.6456_none_60b8a6cb71f64256;c:\Users\Adrian\.vscode\extensions\redhat.java-1.55.0-win32-x64\jre\21.0.11-win32-x86_64\bin\server;C:\Users\Adrian\AppData\Roaming\Code\User\globalStorage\redhat.java\1.55.0\config_ss_win\org.eclipse.equinox.launcher\org.eclipse.equinox.launcher.win32.win32.x86_64_1.3.100.v20260613-0559

VM Arguments:
jvm_args: --add-modules=ALL-SYSTEM --add-opens=java.base/java.util=ALL-UNNAMED --add-opens=java.base/java.lang=ALL-UNNAMED --add-opens=java.base/sun.nio.fs=ALL-UNNAMED -Declipse.application=org.eclipse.jdt.ls.core.id1 -Dosgi.bundles.defaultStartLevel=4 -Declipse.product=org.eclipse.jdt.ls.core.product -Djava.import.generatesMetadataFilesAtProjectRoot=false -DDetectVMInstallationsJob.disabled=true -Dfile.encoding=utf8 -XX:+UseParallelGC -XX:GCTimeRatio=4 -XX:AdaptiveSizePolicyWeight=90 -Dsun.zip.disableMemoryMapping=true -Xmx2G -Xms100m -Xlog:disable -javaagent:c:\Users\Adrian\.vscode\extensions\redhat.java-1.55.0-win32-x64\lombok\lombok-1.18.39-4050.jar 
java_command: c:\Users\Adrian\.vscode\extensions\redhat.java-1.55.0-win32-x64\server\plugins\org.eclipse.equinox.launcher_1.7.200.v20260619-2039.jar -configuration c:\Users\Adrian\AppData\Roaming\Code\User\globalStorage\redhat.java\1.55.0\config_ss_win -data c:\Users\Adrian\AppData\Roaming\Code\User\workspaceStorage\5e102e530e34b59a4b6eba56ccb9686c\redhat.java\ss_ws --pipe=\\.\pipe\lsp-ab55aa60a56befb28f0011a837ade1fe-sock
java_class_path (initial): c:\Users\Adrian\.vscode\extensions\redhat.java-1.55.0-win32-x64\server\plugins\org.eclipse.equinox.launcher_1.7.200.v20260619-2039.jar
Launcher Type: SUN_STANDARD

[Global flags]
    uintx AdaptiveSizePolicyWeight                 = 90                                        {product} {command line}
     intx CICompilerCount                          = 3                                         {product} {ergonomic}
    uintx GCTimeRatio                              = 4                                         {product} {command line}
   size_t InitialHeapSize                          = 104857600                                 {product} {command line}
   size_t MaxHeapSize                              = 2147483648                                {product} {command line}
   size_t MaxNewSize                               = 715653120                                 {product} {ergonomic}
   size_t MinHeapDeltaBytes                        = 524288                                    {product} {ergonomic}
   size_t MinHeapSize                              = 104857600                                 {product} {command line}
   size_t NewSize                                  = 34603008                                  {product} {ergonomic}
    uintx NonNMethodCodeHeapSize                   = 5832780                                {pd product} {ergonomic}
    uintx NonProfiledCodeHeapSize                  = 122912730                              {pd product} {ergonomic}
   size_t OldSize                                  = 70254592                                  {product} {ergonomic}
    uintx ProfiledCodeHeapSize                     = 122912730                              {pd product} {ergonomic}
    uintx ReservedCodeCacheSize                    = 251658240                              {pd product} {ergonomic}
     bool SegmentedCodeCache                       = true                                      {product} {ergonomic}
   size_t SoftMaxHeapSize                          = 2147483648                             {manageable} {ergonomic}
     bool UseCompressedOops                        = true                           {product lp64_product} {ergonomic}
     bool UseLargePagesIndividualAllocation        = false                                  {pd product} {ergonomic}
     bool UseParallelGC                            = true                                      {product} {command line}

Logging:
Log output configuration:
 #0: stdout all=off uptime,level,tags foldmultilines=false
 #1: stderr all=off uptime,level,tags foldmultilines=false

Release file:
JAVA_VERSION="21.0.11" 
MODULES="java.base java.compiler java.datatransfer java.xml java.prefs java.desktop java.instrument java.logging java.management java.security.sasl java.naming java.rmi java.management.rmi java.net.http java.scripting java.security.jgss java.transaction.xa java.sql java.sql.rowset java.xml.crypto java.se java.smartcardio jdk.accessibility jdk.internal.jvmstat jdk.attach jdk.charsets jdk.internal.opt jdk.zipfs jdk.compiler jdk.crypto.ec jdk.crypto.cryptoki jdk.crypto.mscapi jdk.dynalink jdk.internal.ed jdk.editpad jdk.hotspot.agent jdk.httpserver jdk.internal.le jdk.internal.vm.ci jdk.internal.vm.compiler jdk.internal.vm.compiler.management jdk.jartool jdk.javadoc jdk.jcmd jdk.management jdk.management.agent jdk.jconsole jdk.jdeps jdk.jdwp.agent jdk.jdi jdk.jfr jdk.jshell jdk.jsobject jdk.jstatd jdk.localedata jdk.management.jfr jdk.naming.dns jdk.naming.rmi jdk.net jdk.nio.mapmode jdk.random jdk.sctp jdk.security.auth jdk.security.jgss jdk.unsupported jdk.unsupported.desktop jdk.xml.dom" 

Environment Variables:
PATH=C:\Program Files\Common Files\Oracle\Java\javapath;C:\Windows\system32;C:\Windows;C:\Windows\System32\Wbem;C:\Windows\System32\WindowsPowerShell\v1.0\;C:\Windows\System32\OpenSSH\;C:\Program Files\NVIDIA Corporation\NVIDIA App\NvDLISR;C:\Program Files (x86)\NVIDIA Corporation\PhysX\Common;C:\Program Files\Git\cmd;C:\Program Files\nodejs\;C:\Users\Adrian\AppData\Local\Microsoft\WindowsApps;C:\Users\Adrian\AppData\Local\Programs\Microsoft VS Code\bin;C:\Users\Adrian\AppData\Roaming\npm;C:\Users\Adrian\.local\bin
USERNAME=Adrian
OS=Windows_NT
PROCESSOR_IDENTIFIER=Intel64 Family 6 Model 42 Stepping 7, GenuineIntel
TMP=C:\Users\Adrian\AppData\Local\Temp
TEMP=C:\Users\Adrian\AppData\Local\Temp




Periodic native trim disabled

---------------  S Y S T E M  ---------------

OS:
 Windows 10 , 64 bit Build 19041 (10.0.19041.5915)
OS uptime: 9 days 18:58 hours

CPU: total 4 (initial active 4) (4 cores per cpu, 1 threads per core) family 6 model 42 stepping 7 microcode 0x2f, cx8, cmov, fxsr, mmx, sse, sse2, sse3, ssse3, sse4.1, sse4.2, popcnt, tsc, tscinvbit, avx, aes, clmul, vzeroupper, clflush, rdtscp
Processor Information for the first 4 processors :
  Max Mhz: 3101, Current Mhz: 3101, Mhz Limit: 3101

Memory: 4k page, system-wide physical 12258M (738M free)
TotalPageFile size 26485M (AvailPageFile size 3M)
current process WorkingSet (physical memory assigned to process): 98M, peak: 100M
current process commit charge ("private bytes"): 234M, peak: 235M

vm_info: OpenJDK 64-Bit Server VM (21.0.11+10-LTS) for windows-amd64 JRE (21.0.11+10-LTS), built on 2026-04-21T00:00:00Z by "admin" with MS VC++ 17.12 (VS2022)

END.
